<?xml version="1.0" encoding="UTF-8"?>
<testsuite xmlns:xsi="http://www.w3.org/2001/XMLSchema-instance" xsi:noNamespaceSchemaLocation="https://maven.apache.org/surefire/maven-surefire-plugin/xsd/surefire-test-report-3.0.xsd" version="3.0" name="org.apache.commons.lang3.time.FastDateParser_TimeZoneStrategyTest" time="3.221" tests="161" errors="0" skipped="0" failures="0">
  <properties>
    <property name="sun.desktop" value="gnome"/>
    <property name="awt.toolkit" value="sun.awt.X11.XToolkit"/>
    <property name="file.encoding.pkg" value="sun.io"/>
    <property name="java.specification.version" value="1.8"/>
    <property name="sun.cpu.isalist" value=""/>
    <property name="sun.jnu.encoding" value="UTF-8"/>
    <property name="java.class.path" value="/home/daveroar/Graduation_Studies/ThesisWork/JRefactoring/hierarchy-analysis/Benchmarks/commons-lang3-3.9-src-patched/target/test-classes:/home/daveroar/Graduation_Studies/ThesisWork/JRefactoring/hierarchy-analysis/Benchmarks/commons-lang3-3.9-src-patched/target/classes:/home/daveroar/.m2/repository/org/junit/jupiter/junit-jupiter/5.4.0/junit-jupiter-5.4.0.jar:/home/daveroar/.m2/repository/org/junit/jupiter/junit-jupiter-api/5.4.0/junit-jupiter-api-5.4.0.jar:/home/daveroar/.m2/repository/org/apiguardian/apiguardian-api/1.0.0/apiguardian-api-1.0.0.jar:/home/daveroar/.m2/repository/org/opentest4j/opentest4j/1.1.1/opentest4j-1.1.1.jar:/home/daveroar/.m2/repository/org/junit/platform/junit-platform-commons/1.4.0/junit-platform-commons-1.4.0.jar:/home/daveroar/.m2/repository/org/junit/jupiter/junit-jupiter-params/5.4.0/junit-jupiter-params-5.4.0.jar:/home/daveroar/.m2/repository/org/junit/jupiter/junit-jupiter-engine/5.4.0/junit-jupiter-engine-5.4.0.jar:/home/daveroar/.m2/repository/org/junit/platform/junit-platform-engine/1.4.0/junit-platform-engine-1.4.0.jar:/home/daveroar/.m2/repository/org/junit-pioneer/junit-pioneer/0.3.0/junit-pioneer-0.3.0.jar:/home/daveroar/.m2/repository/org/hamcrest/hamcrest/2.1/hamcrest-2.1.jar:/home/daveroar/.m2/repository/org/easymock/easymock/4.0.2/easymock-4.0.2.jar:/home/daveroar/.m2/repository/org/objenesis/objenesis/3.0.1/objenesis-3.0.1.jar:/home/daveroar/.m2/repository/org/openjdk/jmh/jmh-core/1.21/jmh-core-1.21.jar:/home/daveroar/.m2/repository/net/sf/jopt-simple/jopt-simple/4.6/jopt-simple-4.6.jar:/home/daveroar/.m2/repository/org/apache/commons/commons-math3/3.2/commons-math3-3.2.jar:/home/daveroar/.m2/repository/org/openjdk/jmh/jmh-generator-annprocess/1.21/jmh-generator-annprocess-1.21.jar:"/>
    <property name="java.vm.vendor" value="Private Build"/>
    <property name="sun.arch.data.model" value="64"/>
    <property name="java.vendor.url" value="http://java.oracle.com/"/>
    <property name="user.timezone" value=""/>
    <property name="java.vm.specification.version" value="1.8"/>
    <property name="os.name" value="Linux"/>
    <property name="rat.skip" value="true"/>
    <property name="user.country" value="CA"/>
    <property name="sun.java.launcher" value="SUN_STANDARD"/>
    <property name="sun.boot.library.path" value="/usr/lib/jvm/java-8-openjdk-amd64/jre/lib/amd64"/>
    <property name="sun.java.command" value="/home/daveroar/Graduation_Studies/ThesisWork/JRefactoring/hierarchy-analysis/Benchmarks/commons-lang3-3.9-src-patched/target/surefire/surefirebooter958107601391315591.jar /home/daveroar/Graduation_Studies/ThesisWork/JRefactoring/hierarchy-analysis/Benchmarks/commons-lang3-3.9-src-patched/target/surefire 2021-03-20T20-47-37_266-jvmRun1 surefire9128809917857462933tmp surefire_05573669222157225848tmp"/>
    <property name="surefire.test.class.path" value="/home/daveroar/Graduation_Studies/ThesisWork/JRefactoring/hierarchy-analysis/Benchmarks/commons-lang3-3.9-src-patched/target/test-classes:/home/daveroar/Graduation_Studies/ThesisWork/JRefactoring/hierarchy-analysis/Benchmarks/commons-lang3-3.9-src-patched/target/classes:/home/daveroar/.m2/repository/org/junit/jupiter/junit-jupiter/5.4.0/junit-jupiter-5.4.0.jar:/home/daveroar/.m2/repository/org/junit/jupiter/junit-jupiter-api/5.4.0/junit-jupiter-api-5.4.0.jar:/home/daveroar/.m2/repository/org/apiguardian/apiguardian-api/1.0.0/apiguardian-api-1.0.0.jar:/home/daveroar/.m2/repository/org/opentest4j/opentest4j/1.1.1/opentest4j-1.1.1.jar:/home/daveroar/.m2/repository/org/junit/platform/junit-platform-commons/1.4.0/junit-platform-commons-1.4.0.jar:/home/daveroar/.m2/repository/org/junit/jupiter/junit-jupiter-params/5.4.0/junit-jupiter-params-5.4.0.jar:/home/daveroar/.m2/repository/org/junit/jupiter/junit-jupiter-engine/5.4.0/junit-jupiter-engine-5.4.0.jar:/home/daveroar/.m2/repository/org/junit/platform/junit-platform-engine/1.4.0/junit-platform-engine-1.4.0.jar:/home/daveroar/.m2/repository/org/junit-pioneer/junit-pioneer/0.3.0/junit-pioneer-0.3.0.jar:/home/daveroar/.m2/repository/org/hamcrest/hamcrest/2.1/hamcrest-2.1.jar:/home/daveroar/.m2/repository/org/easymock/easymock/4.0.2/easymock-4.0.2.jar:/home/daveroar/.m2/repository/org/objenesis/objenesis/3.0.1/objenesis-3.0.1.jar:/home/daveroar/.m2/repository/org/openjdk/jmh/jmh-core/1.21/jmh-core-1.21.jar:/home/daveroar/.m2/repository/net/sf/jopt-simple/jopt-simple/4.6/jopt-simple-4.6.jar:/home/daveroar/.m2/repository/org/apache/commons/commons-math3/3.2/commons-math3-3.2.jar:/home/daveroar/.m2/repository/org/openjdk/jmh/jmh-generator-annprocess/1.21/jmh-generator-annprocess-1.21.jar:"/>
    <property name="sun.cpu.endian" value="little"/>
    <property name="user.home" value="/home/daveroar"/>
    <property name="user.language" value="en"/>
    <property name="java.specification.vendor" value="Oracle Corporation"/>
    <property name="java.home" value="/usr/lib/jvm/java-8-openjdk-amd64/jre"/>
    <property name="basedir" value="/home/daveroar/Graduation_Studies/ThesisWork/JRefactoring/hierarchy-analysis/Benchmarks/commons-lang3-3.9-src-patched"/>
    <property name="file.separator" value="/"/>
    <property name="line.separator" value="&#10;"/>
    <property name="java.vm.specification.vendor" value="Oracle Corporation"/>
    <property name="java.specification.name" value="Java Platform API Specification"/>
    <property name="java.awt.graphicsenv" value="sun.awt.X11GraphicsEnvironment"/>
    <property name="surefire.real.class.path" value="/home/daveroar/Graduation_Studies/ThesisWork/JRefactoring/hierarchy-analysis/Benchmarks/commons-lang3-3.9-src-patched/target/surefire/surefirebooter958107601391315591.jar:/home/daveroar/.m2/repository/org/jacoco/org.jacoco.agent/0.8.5/org.jacoco.agent-0.8.5-runtime.jar"/>
    <property name="sun.boot.class.path" value="/usr/lib/jvm/java-8-openjdk-amd64/jre/lib/resources.jar:/usr/lib/jvm/java-8-openjdk-amd64/jre/lib/rt.jar:/usr/lib/jvm/java-8-openjdk-amd64/jre/lib/sunrsasign.jar:/usr/lib/jvm/java-8-openjdk-amd64/jre/lib/jsse.jar:/usr/lib/jvm/java-8-openjdk-amd64/jre/lib/jce.jar:/usr/lib/jvm/java-8-openjdk-amd64/jre/lib/charsets.jar:/usr/lib/jvm/java-8-openjdk-amd64/jre/lib/jfr.jar:/usr/lib/jvm/java-8-openjdk-amd64/jre/classes"/>
    <property name="sun.management.compiler" value="HotSpot 64-Bit Tiered Compilers"/>
    <property name="java.runtime.version" value="1.8.0_282-8u282-b08-0ubuntu1~18.04-b08"/>
    <property name="user.name" value="daveroar"/>
    <property name="path.separator" value=":"/>
    <property name="os.version" value="4.15.0-137-generic"/>
    <property name="java.endorsed.dirs" value="/usr/lib/jvm/java-8-openjdk-amd64/jre/lib/endorsed"/>
    <property name="java.runtime.name" value="OpenJDK Runtime Environment"/>
    <property name="file.encoding" value="UTF-8"/>
    <property name="java.vm.name" value="OpenJDK 64-Bit Server VM"/>
    <property name="localRepository" value="/home/daveroar/.m2/repository"/>
    <property name="java.vendor.url.bug" value="http://bugreport.sun.com/bugreport/"/>
    <property name="java.io.tmpdir" value="/tmp"/>
    <property name="java.version" value="1.8.0_282"/>
    <property name="user.dir" value="/home/daveroar/Graduation_Studies/ThesisWork/JRefactoring/hierarchy-analysis/Benchmarks/commons-lang3-3.9-src-patched"/>
    <property name="os.arch" value="amd64"/>
    <property name="java.vm.specification.name" value="Java Virtual Machine Specification"/>
    <property name="java.awt.printerjob" value="sun.print.PSPrinterJob"/>
    <property name="sun.os.patch.level" value="unknown"/>
    <property name="java.library.path" value="/usr/java/packages/lib/amd64:/usr/lib/x86_64-linux-gnu/jni:/lib/x86_64-linux-gnu:/usr/lib/x86_64-linux-gnu:/usr/lib/jni:/lib:/usr/lib"/>
    <property name="java.vm.info" value="mixed mode"/>
    <property name="java.vendor" value="Private Build"/>
    <property name="java.vm.version" value="25.282-b08"/>
    <property name="java.ext.dirs" value="/usr/lib/jvm/java-8-openjdk-amd64/jre/lib/ext:/usr/java/packages/lib/ext"/>
    <property name="sun.io.unicode.encoding" value="UnicodeLittle"/>
    <property name="java.class.version" value="52.0"/>
  </properties>
  <testcase name="testLang1219" classname="org.apache.commons.lang3.time.FastDateParser_TimeZoneStrategyTest" time="0.03"/>
  <testcase name="testTimeZoneStrategyPattern{Locale}[1]" classname="org.apache.commons.lang3.time.FastDateParser_TimeZoneStrategyTest" time="0.056"/>
  <testcase name="testTimeZoneStrategyPattern{Locale}[2]" classname="org.apache.commons.lang3.time.FastDateParser_TimeZoneStrategyTest" time="0.04"/>
  <testcase name="testTimeZoneStrategyPattern{Locale}[3]" classname="org.apache.commons.lang3.time.FastDateParser_TimeZoneStrategyTest" time="0.024"/>
  <testcase name="testTimeZoneStrategyPattern{Locale}[4]" classname="org.apache.commons.lang3.time.FastDateParser_TimeZoneStrategyTest" time="0.021"/>
  <testcase name="testTimeZoneStrategyPattern{Locale}[5]" classname="org.apache.commons.lang3.time.FastDateParser_TimeZoneStrategyTest" time="0.022"/>
  <testcase name="testTimeZoneStrategyPattern{Locale}[6]" classname="org.apache.commons.lang3.time.FastDateParser_TimeZoneStrategyTest" time="0.026"/>
  <testcase name="testTimeZoneStrategyPattern{Locale}[7]" classname="org.apache.commons.lang3.time.FastDateParser_TimeZoneStrategyTest" time="0.026"/>
  <testcase name="testTimeZoneStrategyPattern{Locale}[8]" classname="org.apache.commons.lang3.time.FastDateParser_TimeZoneStrategyTest" time="0.021"/>
  <testcase name="testTimeZoneStrategyPattern{Locale}[9]" classname="org.apache.commons.lang3.time.FastDateParser_TimeZoneStrategyTest" time="0.03"/>
  <testcase name="testTimeZoneStrategyPattern{Locale}[10]" classname="org.apache.commons.lang3.time.FastDateParser_TimeZoneStrategyTest" time="0.022"/>
  <testcase name="testTimeZoneStrategyPattern{Locale}[11]" classname="org.apache.commons.lang3.time.FastDateParser_TimeZoneStrategyTest" time="0.023"/>
  <testcase name="testTimeZoneStrategyPattern{Locale}[12]" classname="org.apache.commons.lang3.time.FastDateParser_TimeZoneStrategyTest" time="0.024"/>
  <testcase name="testTimeZoneStrategyPattern{Locale}[13]" classname="org.apache.commons.lang3.time.FastDateParser_TimeZoneStrategyTest" time="0.023"/>
  <testcase name="testTimeZoneStrategyPattern{Locale}[14]" classname="org.apache.commons.lang3.time.FastDateParser_TimeZoneStrategyTest" time="0.02"/>
  <testcase name="testTimeZoneStrategyPattern{Locale}[15]" classname="org.apache.commons.lang3.time.FastDateParser_TimeZoneStrategyTest" time="0.02"/>
  <testcase name="testTimeZoneStrategyPattern{Locale}[16]" classname="org.apache.commons.lang3.time.FastDateParser_TimeZoneStrategyTest" time="0.019"/>
  <testcase name="testTimeZoneStrategyPattern{Locale}[17]" classname="org.apache.commons.lang3.time.FastDateParser_TimeZoneStrategyTest" time="0.025"/>
  <testcase name="testTimeZoneStrategyPattern{Locale}[18]" classname="org.apache.commons.lang3.time.FastDateParser_TimeZoneStrategyTest" time="0.019"/>
  <testcase name="testTimeZoneStrategyPattern{Locale}[19]" classname="org.apache.commons.lang3.time.FastDateParser_TimeZoneStrategyTest" time="0.018"/>
  <testcase name="testTimeZoneStrategyPattern{Locale}[20]" classname="org.apache.commons.lang3.time.FastDateParser_TimeZoneStrategyTest" time="0.018"/>
  <testcase name="testTimeZoneStrategyPattern{Locale}[21]" classname="org.apache.commons.lang3.time.FastDateParser_TimeZoneStrategyTest" time="0.019"/>
  <testcase name="testTimeZoneStrategyPattern{Locale}[22]" classname="org.apache.commons.lang3.time.FastDateParser_TimeZoneStrategyTest" time="0.023"/>
  <testcase name="testTimeZoneStrategyPattern{Locale}[23]" classname="org.apache.commons.lang3.time.FastDateParser_TimeZoneStrategyTest" time="0.018"/>
  <testcase name="testTimeZoneStrategyPattern{Locale}[24]" classname="org.apache.commons.lang3.time.FastDateParser_TimeZoneStrategyTest" time="0.018"/>
  <testcase name="testTimeZoneStrategyPattern{Locale}[25]" classname="org.apache.commons.lang3.time.FastDateParser_TimeZoneStrategyTest" time="0.019"/>
  <testcase name="testTimeZoneStrategyPattern{Locale}[26]" classname="org.apache.commons.lang3.time.FastDateParser_TimeZoneStrategyTest" time="0.019"/>
  <testcase name="testTimeZoneStrategyPattern{Locale}[27]" classname="org.apache.commons.lang3.time.FastDateParser_TimeZoneStrategyTest" time="0.017"/>
  <testcase name="testTimeZoneStrategyPattern{Locale}[28]" classname="org.apache.commons.lang3.time.FastDateParser_TimeZoneStrategyTest" time="0.019"/>
  <testcase name="testTimeZoneStrategyPattern{Locale}[29]" classname="org.apache.commons.lang3.time.FastDateParser_TimeZoneStrategyTest" time="0.018"/>
  <testcase name="testTimeZoneStrategyPattern{Locale}[30]" classname="org.apache.commons.lang3.time.FastDateParser_TimeZoneStrategyTest" time="0.018"/>
  <testcase name="testTimeZoneStrategyPattern{Locale}[31]" classname="org.apache.commons.lang3.time.FastDateParser_TimeZoneStrategyTest" time="0.017"/>
  <testcase name="testTimeZoneStrategyPattern{Locale}[32]" classname="org.apache.commons.lang3.time.FastDateParser_TimeZoneStrategyTest" time="0.017"/>
  <testcase name="testTimeZoneStrategyPattern{Locale}[33]" classname="org.apache.commons.lang3.time.FastDateParser_TimeZoneStrategyTest" time="0.017"/>
  <testcase name="testTimeZoneStrategyPattern{Locale}[34]" classname="org.apache.commons.lang3.time.FastDateParser_TimeZoneStrategyTest" time="0.018"/>
  <testcase name="testTimeZoneStrategyPattern{Locale}[35]" classname="org.apache.commons.lang3.time.FastDateParser_TimeZoneStrategyTest" time="0.019"/>
  <testcase name="testTimeZoneStrategyPattern{Locale}[36]" classname="org.apache.commons.lang3.time.FastDateParser_TimeZoneStrategyTest" time="0.017"/>
  <testcase name="testTimeZoneStrategyPattern{Locale}[37]" classname="org.apache.commons.lang3.time.FastDateParser_TimeZoneStrategyTest" time="0.017"/>
  <testcase name="testTimeZoneStrategyPattern{Locale}[38]" classname="org.apache.commons.lang3.time.FastDateParser_TimeZoneStrategyTest" time="0.017"/>
  <testcase name="testTimeZoneStrategyPattern{Locale}[39]" classname="org.apache.commons.lang3.time.FastDateParser_TimeZoneStrategyTest" time="0.016"/>
  <testcase name="testTimeZoneStrategyPattern{Locale}[40]" classname="org.apache.commons.lang3.time.FastDateParser_TimeZoneStrategyTest" time="0.022"/>
  <testcase name="testTimeZoneStrategyPattern{Locale}[41]" classname="org.apache.commons.lang3.time.FastDateParser_TimeZoneStrategyTest" time="0.016"/>
  <testcase name="testTimeZoneStrategyPattern{Locale}[42]" classname="org.apache.commons.lang3.time.FastDateParser_TimeZoneStrategyTest" time="0.022"/>
  <testcase name="testTimeZoneStrategyPattern{Locale}[43]" classname="org.apache.commons.lang3.time.FastDateParser_TimeZoneStrategyTest" time="0.018"/>
  <testcase name="testTimeZoneStrategyPattern{Locale}[44]" classname="org.apache.commons.lang3.time.FastDateParser_TimeZoneStrategyTest" time="0.036"/>
  <testcase name="testTimeZoneStrategyPattern{Locale}[45]" classname="org.apache.commons.lang3.time.FastDateParser_TimeZoneStrategyTest" time="0.03"/>
  <testcase name="testTimeZoneStrategyPattern{Locale}[46]" classname="org.apache.commons.lang3.time.FastDateParser_TimeZoneStrategyTest" time="0.03"/>
  <testcase name="testTimeZoneStrategyPattern{Locale}[47]" classname="org.apache.commons.lang3.time.FastDateParser_TimeZoneStrategyTest" time="0.033"/>
  <testcase name="testTimeZoneStrategyPattern{Locale}[48]" classname="org.apache.commons.lang3.time.FastDateParser_TimeZoneStrategyTest" time="0.021"/>
  <testcase name="testTimeZoneStrategyPattern{Locale}[49]" classname="org.apache.commons.lang3.time.FastDateParser_TimeZoneStrategyTest" time="0.021"/>
  <testcase name="testTimeZoneStrategyPattern{Locale}[50]" classname="org.apache.commons.lang3.time.FastDateParser_TimeZoneStrategyTest" time="0.033"/>
  <testcase name="testTimeZoneStrategyPattern{Locale}[51]" classname="org.apache.commons.lang3.time.FastDateParser_TimeZoneStrategyTest" time="0.018"/>
  <testcase name="testTimeZoneStrategyPattern{Locale}[52]" classname="org.apache.commons.lang3.time.FastDateParser_TimeZoneStrategyTest" time="0.033"/>
  <testcase name="testTimeZoneStrategyPattern{Locale}[53]" classname="org.apache.commons.lang3.time.FastDateParser_TimeZoneStrategyTest" time="0.02"/>
  <testcase name="testTimeZoneStrategyPattern{Locale}[54]" classname="org.apache.commons.lang3.time.FastDateParser_TimeZoneStrategyTest" time="0.016"/>
  <testcase name="testTimeZoneStrategyPattern{Locale}[55]" classname="org.apache.commons.lang3.time.FastDateParser_TimeZoneStrategyTest" time="0.016"/>
  <testcase name="testTimeZoneStrategyPattern{Locale}[56]" classname="org.apache.commons.lang3.time.FastDateParser_TimeZoneStrategyTest" time="0.017"/>
  <testcase name="testTimeZoneStrategyPattern{Locale}[57]" classname="org.apache.commons.lang3.time.FastDateParser_TimeZoneStrategyTest" time="0.034"/>
  <testcase name="testTimeZoneStrategyPattern{Locale}[58]" classname="org.apache.commons.lang3.time.FastDateParser_TimeZoneStrategyTest" time="0.028"/>
  <testcase name="testTimeZoneStrategyPattern{Locale}[59]" classname="org.apache.commons.lang3.time.FastDateParser_TimeZoneStrategyTest" time="0.021"/>
  <testcase name="testTimeZoneStrategyPattern{Locale}[60]" classname="org.apache.commons.lang3.time.FastDateParser_TimeZoneStrategyTest" time="0.017"/>
  <testcase name="testTimeZoneStrategyPattern{Locale}[61]" classname="org.apache.commons.lang3.time.FastDateParser_TimeZoneStrategyTest" time="0.017"/>
  <testcase name="testTimeZoneStrategyPattern{Locale}[62]" classname="org.apache.commons.lang3.time.FastDateParser_TimeZoneStrategyTest" time="0.023"/>
  <testcase name="testTimeZoneStrategyPattern{Locale}[63]" classname="org.apache.commons.lang3.time.FastDateParser_TimeZoneStrategyTest" time="0.016"/>
  <testcase name="testTimeZoneStrategyPattern{Locale}[64]" classname="org.apache.commons.lang3.time.FastDateParser_TimeZoneStrategyTest" time="0.016"/>
  <testcase name="testTimeZoneStrategyPattern{Locale}[65]" classname="org.apache.commons.lang3.time.FastDateParser_TimeZoneStrategyTest" time="0.016"/>
  <testcase name="testTimeZoneStrategyPattern{Locale}[66]" classname="org.apache.commons.lang3.time.FastDateParser_TimeZoneStrategyTest" time="0.022"/>
  <testcase name="testTimeZoneStrategyPattern{Locale}[67]" classname="org.apache.commons.lang3.time.FastDateParser_TimeZoneStrategyTest" time="0.013"/>
  <testcase name="testTimeZoneStrategyPattern{Locale}[68]" classname="org.apache.commons.lang3.time.FastDateParser_TimeZoneStrategyTest" time="0.022"/>
  <testcase name="testTimeZoneStrategyPattern{Locale}[69]" classname="org.apache.commons.lang3.time.FastDateParser_TimeZoneStrategyTest" time="0.022"/>
  <testcase name="testTimeZoneStrategyPattern{Locale}[70]" classname="org.apache.commons.lang3.time.FastDateParser_TimeZoneStrategyTest" time="0.016"/>
  <testcase name="testTimeZoneStrategyPattern{Locale}[71]" classname="org.apache.commons.lang3.time.FastDateParser_TimeZoneStrategyTest" time="0.016"/>
  <testcase name="testTimeZoneStrategyPattern{Locale}[72]" classname="org.apache.commons.lang3.time.FastDateParser_TimeZoneStrategyTest" time="0.017"/>
  <testcase name="testTimeZoneStrategyPattern{Locale}[73]" classname="org.apache.commons.lang3.time.FastDateParser_TimeZoneStrategyTest" time="0.017"/>
  <testcase name="testTimeZoneStrategyPattern{Locale}[74]" classname="org.apache.commons.lang3.time.FastDateParser_TimeZoneStrategyTest" time="0.018"/>
  <testcase name="testTimeZoneStrategyPattern{Locale}[75]" classname="org.apache.commons.lang3.time.FastDateParser_TimeZoneStrategyTest" time="0.018"/>
  <testcase name="testTimeZoneStrategyPattern{Locale}[76]" classname="org.apache.commons.lang3.time.FastDateParser_TimeZoneStrategyTest" time="0.016"/>
  <testcase name="testTimeZoneStrategyPattern{Locale}[77]" classname="org.apache.commons.lang3.time.FastDateParser_TimeZoneStrategyTest" time="0.022"/>
  <testcase name="testTimeZoneStrategyPattern{Locale}[78]" classname="org.apache.commons.lang3.time.FastDateParser_TimeZoneStrategyTest" time="0.017"/>
  <testcase name="testTimeZoneStrategyPattern{Locale}[79]" classname="org.apache.commons.lang3.time.FastDateParser_TimeZoneStrategyTest" time="0.021"/>
  <testcase name="testTimeZoneStrategyPattern{Locale}[80]" classname="org.apache.commons.lang3.time.FastDateParser_TimeZoneStrategyTest" time="0.017"/>
  <testcase name="testTimeZoneStrategyPattern{Locale}[81]" classname="org.apache.commons.lang3.time.FastDateParser_TimeZoneStrategyTest" time="0.024"/>
  <testcase name="testTimeZoneStrategyPattern{Locale}[82]" classname="org.apache.commons.lang3.time.FastDateParser_TimeZoneStrategyTest" time="0.016"/>
  <testcase name="testTimeZoneStrategyPattern{Locale}[83]" classname="org.apache.commons.lang3.time.FastDateParser_TimeZoneStrategyTest" time="0.035"/>
  <testcase name="testTimeZoneStrategyPattern{Locale}[84]" classname="org.apache.commons.lang3.time.FastDateParser_TimeZoneStrategyTest" time="0.018"/>
  <testcase name="testTimeZoneStrategyPattern{Locale}[85]" classname="org.apache.commons.lang3.time.FastDateParser_TimeZoneStrategyTest" time="0.019"/>
  <testcase name="testTimeZoneStrategyPattern{Locale}[86]" classname="org.apache.commons.lang3.time.FastDateParser_TimeZoneStrategyTest" time="0.016"/>
  <testcase name="testTimeZoneStrategyPattern{Locale}[87]" classname="org.apache.commons.lang3.time.FastDateParser_TimeZoneStrategyTest" time="0.021"/>
  <testcase name="testTimeZoneStrategyPattern{Locale}[88]" classname="org.apache.commons.lang3.time.FastDateParser_TimeZoneStrategyTest" time="0.019"/>
  <testcase name="testTimeZoneStrategyPattern{Locale}[89]" classname="org.apache.commons.lang3.time.FastDateParser_TimeZoneStrategyTest" time="0.025"/>
  <testcase name="testTimeZoneStrategyPattern{Locale}[90]" classname="org.apache.commons.lang3.time.FastDateParser_TimeZoneStrategyTest" time="0.019"/>
  <testcase name="testTimeZoneStrategyPattern{Locale}[91]" classname="org.apache.commons.lang3.time.FastDateParser_TimeZoneStrategyTest" time="0.019"/>
  <testcase name="testTimeZoneStrategyPattern{Locale}[92]" classname="org.apache.commons.lang3.time.FastDateParser_TimeZoneStrategyTest" time="0.019"/>
  <testcase name="testTimeZoneStrategyPattern{Locale}[93]" classname="org.apache.commons.lang3.time.FastDateParser_TimeZoneStrategyTest" time="0.018"/>
  <testcase name="testTimeZoneStrategyPattern{Locale}[94]" classname="org.apache.commons.lang3.time.FastDateParser_TimeZoneStrategyTest" time="0.02"/>
  <testcase name="testTimeZoneStrategyPattern{Locale}[95]" classname="org.apache.commons.lang3.time.FastDateParser_TimeZoneStrategyTest" time="0.018"/>
  <testcase name="testTimeZoneStrategyPattern{Locale}[96]" classname="org.apache.commons.lang3.time.FastDateParser_TimeZoneStrategyTest" time="0.017"/>
  <testcase name="testTimeZoneStrategyPattern{Locale}[97]" classname="org.apache.commons.lang3.time.FastDateParser_TimeZoneStrategyTest" time="0.017"/>
  <testcase name="testTimeZoneStrategyPattern{Locale}[98]" classname="org.apache.commons.lang3.time.FastDateParser_TimeZoneStrategyTest" time="0.016"/>
  <testcase name="testTimeZoneStrategyPattern{Locale}[99]" classname="org.apache.commons.lang3.time.FastDateParser_TimeZoneStrategyTest" time="0.023"/>
  <testcase name="testTimeZoneStrategyPattern{Locale}[100]" classname="org.apache.commons.lang3.time.FastDateParser_TimeZoneStrategyTest" time="0.017"/>
  <testcase name="testTimeZoneStrategyPattern{Locale}[101]" classname="org.apache.commons.lang3.time.FastDateParser_TimeZoneStrategyTest" time="0.017"/>
  <testcase name="testTimeZoneStrategyPattern{Locale}[102]" classname="org.apache.commons.lang3.time.FastDateParser_TimeZoneStrategyTest" time="0.017"/>
  <testcase name="testTimeZoneStrategyPattern{Locale}[103]" classname="org.apache.commons.lang3.time.FastDateParser_TimeZoneStrategyTest" time="0.022"/>
  <testcase name="testTimeZoneStrategyPattern{Locale}[104]" classname="org.apache.commons.lang3.time.FastDateParser_TimeZoneStrategyTest" time="0.022"/>
  <testcase name="testTimeZoneStrategyPattern{Locale}[105]" classname="org.apache.commons.lang3.time.FastDateParser_TimeZoneStrategyTest" time="0.016"/>
  <testcase name="testTimeZoneStrategyPattern{Locale}[106]" classname="org.apache.commons.lang3.time.FastDateParser_TimeZoneStrategyTest" time="0.016"/>
  <testcase name="testTimeZoneStrategyPattern{Locale}[107]" classname="org.apache.commons.lang3.time.FastDateParser_TimeZoneStrategyTest" time="0.018"/>
  <testcase name="testTimeZoneStrategyPattern{Locale}[108]" classname="org.apache.commons.lang3.time.FastDateParser_TimeZoneStrategyTest" time="0.017"/>
  <testcase name="testTimeZoneStrategyPattern{Locale}[109]" classname="org.apache.commons.lang3.time.FastDateParser_TimeZoneStrategyTest" time="0.015"/>
  <testcase name="testTimeZoneStrategyPattern{Locale}[110]" classname="org.apache.commons.lang3.time.FastDateParser_TimeZoneStrategyTest" time="0.022"/>
  <testcase name="testTimeZoneStrategyPattern{Locale}[111]" classname="org.apache.commons.lang3.time.FastDateParser_TimeZoneStrategyTest" time="0.017"/>
  <testcase name="testTimeZoneStrategyPattern{Locale}[112]" classname="org.apache.commons.lang3.time.FastDateParser_TimeZoneStrategyTest" time="0.017"/>
  <testcase name="testTimeZoneStrategyPattern{Locale}[113]" classname="org.apache.commons.lang3.time.FastDateParser_TimeZoneStrategyTest" time="0.017"/>
  <testcase name="testTimeZoneStrategyPattern{Locale}[114]" classname="org.apache.commons.lang3.time.FastDateParser_TimeZoneStrategyTest" time="0.017"/>
  <testcase name="testTimeZoneStrategyPattern{Locale}[115]" classname="org.apache.commons.lang3.time.FastDateParser_TimeZoneStrategyTest" time="0.018"/>
  <testcase name="testTimeZoneStrategyPattern{Locale}[116]" classname="org.apache.commons.lang3.time.FastDateParser_TimeZoneStrategyTest" time="0.017"/>
  <testcase name="testTimeZoneStrategyPattern{Locale}[117]" classname="org.apache.commons.lang3.time.FastDateParser_TimeZoneStrategyTest" time="0.022"/>
  <testcase name="testTimeZoneStrategyPattern{Locale}[118]" classname="org.apache.commons.lang3.time.FastDateParser_TimeZoneStrategyTest" time="0.015"/>
  <testcase name="testTimeZoneStrategyPattern{Locale}[119]" classname="org.apache.commons.lang3.time.FastDateParser_TimeZoneStrategyTest" time="0.016"/>
  <testcase name="testTimeZoneStrategyPattern{Locale}[120]" classname="org.apache.commons.lang3.time.FastDateParser_TimeZoneStrategyTest" time="0.025"/>
  <testcase name="testTimeZoneStrategyPattern{Locale}[121]" classname="org.apache.commons.lang3.time.FastDateParser_TimeZoneStrategyTest" time="0.019"/>
  <testcase name="testTimeZoneStrategyPattern{Locale}[122]" classname="org.apache.commons.lang3.time.FastDateParser_TimeZoneStrategyTest" time="0.017"/>
  <testcase name="testTimeZoneStrategyPattern{Locale}[123]" classname="org.apache.commons.lang3.time.FastDateParser_TimeZoneStrategyTest" time="0.017"/>
  <testcase name="testTimeZoneStrategyPattern{Locale}[124]" classname="org.apache.commons.lang3.time.FastDateParser_TimeZoneStrategyTest" time="0.021"/>
  <testcase name="testTimeZoneStrategyPattern{Locale}[125]" classname="org.apache.commons.lang3.time.FastDateParser_TimeZoneStrategyTest" time="0.018"/>
  <testcase name="testTimeZoneStrategyPattern{Locale}[126]" classname="org.apache.commons.lang3.time.FastDateParser_TimeZoneStrategyTest" time="0.015"/>
  <testcase name="testTimeZoneStrategyPattern{Locale}[127]" classname="org.apache.commons.lang3.time.FastDateParser_TimeZoneStrategyTest" time="0.022"/>
  <testcase name="testTimeZoneStrategyPattern{Locale}[128]" classname="org.apache.commons.lang3.time.FastDateParser_TimeZoneStrategyTest" time="0.018"/>
  <testcase name="testTimeZoneStrategyPattern{Locale}[129]" classname="org.apache.commons.lang3.time.FastDateParser_TimeZoneStrategyTest" time="0.017"/>
  <testcase name="testTimeZoneStrategyPattern{Locale}[130]" classname="org.apache.commons.lang3.time.FastDateParser_TimeZoneStrategyTest" time="0.017"/>
  <testcase name="testTimeZoneStrategyPattern{Locale}[131]" classname="org.apache.commons.lang3.time.FastDateParser_TimeZoneStrategyTest" time="0.016"/>
  <testcase name="testTimeZoneStrategyPattern{Locale}[132]" classname="org.apache.commons.lang3.time.FastDateParser_TimeZoneStrategyTest" time="0.02"/>
  <testcase name="testTimeZoneStrategyPattern{Locale}[133]" classname="org.apache.commons.lang3.time.FastDateParser_TimeZoneStrategyTest" time="0.018"/>
  <testcase name="testTimeZoneStrategyPattern{Locale}[134]" classname="org.apache.commons.lang3.time.FastDateParser_TimeZoneStrategyTest" time="0.015"/>
  <testcase name="testTimeZoneStrategyPattern{Locale}[135]" classname="org.apache.commons.lang3.time.FastDateParser_TimeZoneStrategyTest" time="0.016"/>
  <testcase name="testTimeZoneStrategyPattern{Locale}[136]" classname="org.apache.commons.lang3.time.FastDateParser_TimeZoneStrategyTest" time="0.016"/>
  <testcase name="testTimeZoneStrategyPattern{Locale}[137]" classname="org.apache.commons.lang3.time.FastDateParser_TimeZoneStrategyTest" time="0.017"/>
  <testcase name="testTimeZoneStrategyPattern{Locale}[138]" classname="org.apache.commons.lang3.time.FastDateParser_TimeZoneStrategyTest" time="0.021"/>
  <testcase name="testTimeZoneStrategyPattern{Locale}[139]" classname="org.apache.commons.lang3.time.FastDateParser_TimeZoneStrategyTest" time="0.019"/>
  <testcase name="testTimeZoneStrategyPattern{Locale}[140]" classname="org.apache.commons.lang3.time.FastDateParser_TimeZoneStrategyTest" time="0.018"/>
  <testcase name="testTimeZoneStrategyPattern{Locale}[141]" classname="org.apache.commons.lang3.time.FastDateParser_TimeZoneStrategyTest" time="0.018"/>
  <testcase name="testTimeZoneStrategyPattern{Locale}[142]" classname="org.apache.commons.lang3.time.FastDateParser_TimeZoneStrategyTest" time="0.019"/>
  <testcase name="testTimeZoneStrategyPattern{Locale}[143]" classname="org.apache.commons.lang3.time.FastDateParser_TimeZoneStrategyTest" time="0.018"/>
  <testcase name="testTimeZoneStrategyPattern{Locale}[144]" classname="org.apache.commons.lang3.time.FastDateParser_TimeZoneStrategyTest" time="0.017"/>
  <testcase name="testTimeZoneStrategyPattern{Locale}[145]" classname="org.apache.commons.lang3.time.FastDateParser_TimeZoneStrategyTest" time="0.016"/>
  <testcase name="testTimeZoneStrategyPattern{Locale}[146]" classname="org.apache.commons.lang3.time.FastDateParser_TimeZoneStrategyTest" time="0.017"/>
  <testcase name="testTimeZoneStrategyPattern{Locale}[147]" classname="org.apache.commons.lang3.time.FastDateParser_TimeZoneStrategyTest" time="0.015"/>
  <testcase name="testTimeZoneStrategyPattern{Locale}[148]" classname="org.apache.commons.lang3.time.FastDateParser_TimeZoneStrategyTest" time="0.015"/>
  <testcase name="testTimeZoneStrategyPattern{Locale}[149]" classname="org.apache.commons.lang3.time.FastDateParser_TimeZoneStrategyTest" time="0.016"/>
  <testcase name="testTimeZoneStrategyPattern{Locale}[150]" classname="org.apache.commons.lang3.time.FastDateParser_TimeZoneStrategyTest" time="0.017"/>
  <testcase name="testTimeZoneStrategyPattern{Locale}[151]" classname="org.apache.commons.lang3.time.FastDateParser_TimeZoneStrategyTest" time="0.017"/>
  <testcase name="testTimeZoneStrategyPattern{Locale}[152]" classname="org.apache.commons.lang3.time.FastDateParser_TimeZoneStrategyTest" time="0.016"/>
  <testcase name="testTimeZoneStrategyPattern{Locale}[153]" classname="org.apache.commons.lang3.time.FastDateParser_TimeZoneStrategyTest" time="0.022"/>
  <testcase name="testTimeZoneStrategyPattern{Locale}[154]" classname="org.apache.commons.lang3.time.FastDateParser_TimeZoneStrategyTest" time="0.016"/>
  <testcase name="testTimeZoneStrategyPattern{Locale}[155]" classname="org.apache.commons.lang3.time.FastDateParser_TimeZoneStrategyTest" time="0.016"/>
  <testcase name="testTimeZoneStrategyPattern{Locale}[156]" classname="org.apache.commons.lang3.time.FastDateParser_TimeZoneStrategyTest" time="0.016"/>
  <testcase name="testTimeZoneStrategyPattern{Locale}[157]" classname="org.apache.commons.lang3.time.FastDateParser_TimeZoneStrategyTest" time="0.028"/>
  <testcase name="testTimeZoneStrategyPattern{Locale}[158]" classname="org.apache.commons.lang3.time.FastDateParser_TimeZoneStrategyTest" time="0.021"/>
  <testcase name="testTimeZoneStrategyPattern{Locale}[159]" classname="org.apache.commons.lang3.time.FastDateParser_TimeZoneStrategyTest" time="0.017"/>
  <testcase name="testTimeZoneStrategyPattern{Locale}[160]" classname="org.apache.commons.lang3.time.FastDateParser_TimeZoneStrategyTest" time="0.017"/>
</testsuite>