<?xml version="1.0" encoding="UTF-8"?>
<testsuite xmlns:xsi="http://www.w3.org/2001/XMLSchema-instance" xsi:noNamespaceSchemaLocation="https://maven.apache.org/surefire/maven-surefire-plugin/xsd/surefire-test-report-3.0.xsd" version="3.0" name="org.apache.commons.lang3.ArrayUtilsTest" time="0.057" tests="308" errors="0" skipped="0" failures="0">
  <properties>
    <property name="sun.desktop" value="gnome"/>
    <property name="awt.toolkit" value="sun.awt.X11.XToolkit"/>
    <property name="file.encoding.pkg" value="sun.io"/>
    <property name="java.specification.version" value="1.8"/>
    <property name="sun.cpu.isalist" value=""/>
    <property name="sun.jnu.encoding" value="UTF-8"/>
    <property name="java.class.path" value="/home/daveroar/Graduation_Studies/ThesisWork/JRefactoring/hierarchy-analysis/Benchmarks/commons-lang3-3.9-src-patched/target/test-classes:/home/daveroar/Graduation_Studies/ThesisWork/JRefactoring/hierarchy-analysis/Benchmarks/commons-lang3-3.9-src-patched/target/classes:/home/daveroar/.m2/repository/org/junit/jupiter/junit-jupiter/5.4.0/junit-jupiter-5.4.0.jar:/home/daveroar/.m2/repository/org/junit/jupiter/junit-jupiter-api/5.4.0/junit-jupiter-api-5.4.0.jar:/home/daveroar/.m2/repository/org/apiguardian/apiguardian-api/1.0.0/apiguardian-api-1.0.0.jar:/home/daveroar/.m2/repository/org/opentest4j/opentest4j/1.1.1/opentest4j-1.1.1.jar:/home/daveroar/.m2/repository/org/junit/platform/junit-platform-commons/1.4.0/junit-platform-commons-1.4.0.jar:/home/daveroar/.m2/repository/org/junit/jupiter/junit-jupiter-params/5.4.0/junit-jupiter-params-5.4.0.jar:/home/daveroar/.m2/repository/org/junit/jupiter/junit-jupiter-engine/5.4.0/junit-jupiter-engine-5.4.0.jar:/home/daveroar/.m2/repository/org/junit/platform/junit-platform-engine/1.4.0/junit-platform-engine-1.4.0.jar:/home/daveroar/.m2/repository/org/junit-pioneer/junit-pioneer/0.3.0/junit-pioneer-0.3.0.jar:/home/daveroar/.m2/repository/org/hamcrest/hamcrest/2.1/hamcrest-2.1.jar:/home/daveroar/.m2/repository/org/easymock/easymock/4.0.2/easymock-4.0.2.jar:/home/daveroar/.m2/repository/org/objenesis/objenesis/3.0.1/objenesis-3.0.1.jar:/home/daveroar/.m2/repository/org/openjdk/jmh/jmh-core/1.21/jmh-core-1.21.jar:/home/daveroar/.m2/repository/net/sf/jopt-simple/jopt-simple/4.6/jopt-simple-4.6.jar:/home/daveroar/.m2/repository/org/apache/commons/commons-math3/3.2/commons-math3-3.2.jar:/home/daveroar/.m2/repository/org/openjdk/jmh/jmh-generator-annprocess/1.21/jmh-generator-annprocess-1.21.jar:"/>
    <property name="java.vm.vendor" value="Private Build"/>
    <property name="sun.arch.data.model" value="64"/>
    <property name="java.vendor.url" value="http://java.oracle.com/"/>
    <property name="user.timezone" value=""/>
    <property name="java.vm.specification.version" value="1.8"/>
    <property name="os.name" value="Linux"/>
    <property name="rat.skip" value="true"/>
    <property name="user.country" value="CA"/>
    <property name="sun.java.launcher" value="SUN_STANDARD"/>
    <property name="sun.boot.library.path" value="/usr/lib/jvm/java-8-openjdk-amd64/jre/lib/amd64"/>
    <property name="sun.java.command" value="/home/daveroar/Graduation_Studies/ThesisWork/JRefactoring/hierarchy-analysis/Benchmarks/commons-lang3-3.9-src-patched/target/surefire/surefirebooter958107601391315591.jar /home/daveroar/Graduation_Studies/ThesisWork/JRefactoring/hierarchy-analysis/Benchmarks/commons-lang3-3.9-src-patched/target/surefire 2021-03-20T20-47-37_266-jvmRun1 surefire9128809917857462933tmp surefire_05573669222157225848tmp"/>
    <property name="surefire.test.class.path" value="/home/daveroar/Graduation_Studies/ThesisWork/JRefactoring/hierarchy-analysis/Benchmarks/commons-lang3-3.9-src-patched/target/test-classes:/home/daveroar/Graduation_Studies/ThesisWork/JRefactoring/hierarchy-analysis/Benchmarks/commons-lang3-3.9-src-patched/target/classes:/home/daveroar/.m2/repository/org/junit/jupiter/junit-jupiter/5.4.0/junit-jupiter-5.4.0.jar:/home/daveroar/.m2/repository/org/junit/jupiter/junit-jupiter-api/5.4.0/junit-jupiter-api-5.4.0.jar:/home/daveroar/.m2/repository/org/apiguardian/apiguardian-api/1.0.0/apiguardian-api-1.0.0.jar:/home/daveroar/.m2/repository/org/opentest4j/opentest4j/1.1.1/opentest4j-1.1.1.jar:/home/daveroar/.m2/repository/org/junit/platform/junit-platform-commons/1.4.0/junit-platform-commons-1.4.0.jar:/home/daveroar/.m2/repository/org/junit/jupiter/junit-jupiter-params/5.4.0/junit-jupiter-params-5.4.0.jar:/home/daveroar/.m2/repository/org/junit/jupiter/junit-jupiter-engine/5.4.0/junit-jupiter-engine-5.4.0.jar:/home/daveroar/.m2/repository/org/junit/platform/junit-platform-engine/1.4.0/junit-platform-engine-1.4.0.jar:/home/daveroar/.m2/repository/org/junit-pioneer/junit-pioneer/0.3.0/junit-pioneer-0.3.0.jar:/home/daveroar/.m2/repository/org/hamcrest/hamcrest/2.1/hamcrest-2.1.jar:/home/daveroar/.m2/repository/org/easymock/easymock/4.0.2/easymock-4.0.2.jar:/home/daveroar/.m2/repository/org/objenesis/objenesis/3.0.1/objenesis-3.0.1.jar:/home/daveroar/.m2/repository/org/openjdk/jmh/jmh-core/1.21/jmh-core-1.21.jar:/home/daveroar/.m2/repository/net/sf/jopt-simple/jopt-simple/4.6/jopt-simple-4.6.jar:/home/daveroar/.m2/repository/org/apache/commons/commons-math3/3.2/commons-math3-3.2.jar:/home/daveroar/.m2/repository/org/openjdk/jmh/jmh-generator-annprocess/1.21/jmh-generator-annprocess-1.21.jar:"/>
    <property name="sun.cpu.endian" value="little"/>
    <property name="user.home" value="/home/daveroar"/>
    <property name="user.language" value="en"/>
    <property name="java.specification.vendor" value="Oracle Corporation"/>
    <property name="java.home" value="/usr/lib/jvm/java-8-openjdk-amd64/jre"/>
    <property name="basedir" value="/home/daveroar/Graduation_Studies/ThesisWork/JRefactoring/hierarchy-analysis/Benchmarks/commons-lang3-3.9-src-patched"/>
    <property name="file.separator" value="/"/>
    <property name="line.separator" value="&#10;"/>
    <property name="java.vm.specification.vendor" value="Oracle Corporation"/>
    <property name="java.specification.name" value="Java Platform API Specification"/>
    <property name="java.awt.graphicsenv" value="sun.awt.X11GraphicsEnvironment"/>
    <property name="surefire.real.class.path" value="/home/daveroar/Graduation_Studies/ThesisWork/JRefactoring/hierarchy-analysis/Benchmarks/commons-lang3-3.9-src-patched/target/surefire/surefirebooter958107601391315591.jar:/home/daveroar/.m2/repository/org/jacoco/org.jacoco.agent/0.8.5/org.jacoco.agent-0.8.5-runtime.jar"/>
    <property name="sun.boot.class.path" value="/usr/lib/jvm/java-8-openjdk-amd64/jre/lib/resources.jar:/usr/lib/jvm/java-8-openjdk-amd64/jre/lib/rt.jar:/usr/lib/jvm/java-8-openjdk-amd64/jre/lib/sunrsasign.jar:/usr/lib/jvm/java-8-openjdk-amd64/jre/lib/jsse.jar:/usr/lib/jvm/java-8-openjdk-amd64/jre/lib/jce.jar:/usr/lib/jvm/java-8-openjdk-amd64/jre/lib/charsets.jar:/usr/lib/jvm/java-8-openjdk-amd64/jre/lib/jfr.jar:/usr/lib/jvm/java-8-openjdk-amd64/jre/classes"/>
    <property name="sun.management.compiler" value="HotSpot 64-Bit Tiered Compilers"/>
    <property name="java.runtime.version" value="1.8.0_282-8u282-b08-0ubuntu1~18.04-b08"/>
    <property name="user.name" value="daveroar"/>
    <property name="path.separator" value=":"/>
    <property name="os.version" value="4.15.0-137-generic"/>
    <property name="java.endorsed.dirs" value="/usr/lib/jvm/java-8-openjdk-amd64/jre/lib/endorsed"/>
    <property name="java.runtime.name" value="OpenJDK Runtime Environment"/>
    <property name="file.encoding" value="UTF-8"/>
    <property name="java.vm.name" value="OpenJDK 64-Bit Server VM"/>
    <property name="localRepository" value="/home/daveroar/.m2/repository"/>
    <property name="java.vendor.url.bug" value="http://bugreport.sun.com/bugreport/"/>
    <property name="java.io.tmpdir" value="/tmp"/>
    <property name="java.version" value="1.8.0_282"/>
    <property name="user.dir" value="/home/daveroar/Graduation_Studies/ThesisWork/JRefactoring/hierarchy-analysis/Benchmarks/commons-lang3-3.9-src-patched"/>
    <property name="os.arch" value="amd64"/>
    <property name="java.vm.specification.name" value="Java Virtual Machine Specification"/>
    <property name="java.awt.printerjob" value="sun.print.PSPrinterJob"/>
    <property name="sun.os.patch.level" value="unknown"/>
    <property name="java.library.path" value="/usr/java/packages/lib/amd64:/usr/lib/x86_64-linux-gnu/jni:/lib/x86_64-linux-gnu:/usr/lib/x86_64-linux-gnu:/usr/lib/jni:/lib:/usr/lib"/>
    <property name="java.vm.info" value="mixed mode"/>
    <property name="java.vendor" value="Private Build"/>
    <property name="java.vm.version" value="25.282-b08"/>
    <property name="java.ext.dirs" value="/usr/lib/jvm/java-8-openjdk-amd64/jre/lib/ext:/usr/java/packages/lib/ext"/>
    <property name="sun.io.unicode.encoding" value="UnicodeLittle"/>
    <property name="java.class.version" value="52.0"/>
  </properties>
  <testcase name="testShiftAllDouble" classname="org.apache.commons.lang3.ArrayUtilsTest" time="0"/>
  <testcase name="testNullToEmptyCharObject" classname="org.apache.commons.lang3.ArrayUtilsTest" time="0"/>
  <testcase name="testToPrimitive_double_double" classname="org.apache.commons.lang3.ArrayUtilsTest" time="0.001"/>
  <testcase name="testNullToEmptyDoubleNull" classname="org.apache.commons.lang3.ArrayUtilsTest" time="0"/>
  <testcase name="testNullToEmptyGeneric" classname="org.apache.commons.lang3.ArrayUtilsTest" time="0"/>
  <testcase name="testShiftRangeByte" classname="org.apache.commons.lang3.ArrayUtilsTest" time="0"/>
  <testcase name="testShiftRangeChar" classname="org.apache.commons.lang3.ArrayUtilsTest" time="0"/>
  <testcase name="testShiftRangeLong" classname="org.apache.commons.lang3.ArrayUtilsTest" time="0"/>
  <testcase name="testNullToEmptyShortEmptyArray" classname="org.apache.commons.lang3.ArrayUtilsTest" time="0.001"/>
  <testcase name="testNullToEmptyDoubleObject" classname="org.apache.commons.lang3.ArrayUtilsTest" time="0"/>
  <testcase name="testShiftRangeNullFloat" classname="org.apache.commons.lang3.ArrayUtilsTest" time="0"/>
  <testcase name="testShiftNullBoolean" classname="org.apache.commons.lang3.ArrayUtilsTest" time="0"/>
  <testcase name="testShiftRangeNullShort" classname="org.apache.commons.lang3.ArrayUtilsTest" time="0"/>
  <testcase name="testSubarrayBoolean" classname="org.apache.commons.lang3.ArrayUtilsTest" time="0.003"/>
  <testcase name="testReverseByteRange" classname="org.apache.commons.lang3.ArrayUtilsTest" time="0"/>
  <testcase name="testSwapObject" classname="org.apache.commons.lang3.ArrayUtilsTest" time="0.001"/>
  <testcase name="testReverseFloatRange" classname="org.apache.commons.lang3.ArrayUtilsTest" time="0"/>
  <testcase name="testNullToEmptyBoolean" classname="org.apache.commons.lang3.ArrayUtilsTest" time="0"/>
  <testcase name="testNullToEmptyBooleanObjectEmptyArray" classname="org.apache.commons.lang3.ArrayUtilsTest" time="0"/>
  <testcase name="testNullToEmptyInt" classname="org.apache.commons.lang3.ArrayUtilsTest" time="0"/>
  <testcase name="testSwapNullBooleanArray" classname="org.apache.commons.lang3.ArrayUtilsTest" time="0"/>
  <testcase name="testIsSortedFloat" classname="org.apache.commons.lang3.ArrayUtilsTest" time="0"/>
  <testcase name="testIsSortedShort" classname="org.apache.commons.lang3.ArrayUtilsTest" time="0"/>
  <testcase name="testToPrimitive_float" classname="org.apache.commons.lang3.ArrayUtilsTest" time="0.001"/>
  <testcase name="testShiftAllObject" classname="org.apache.commons.lang3.ArrayUtilsTest" time="0"/>
  <testcase name="testNullToEmptyBooleanObjectNull" classname="org.apache.commons.lang3.ArrayUtilsTest" time="0"/>
  <testcase name="testToPrimitive_short" classname="org.apache.commons.lang3.ArrayUtilsTest" time="0.001"/>
  <testcase name="testNullToEmptyByte" classname="org.apache.commons.lang3.ArrayUtilsTest" time="0"/>
  <testcase name="testNullToEmptyChar" classname="org.apache.commons.lang3.ArrayUtilsTest" time="0"/>
  <testcase name="testNullToEmptyLong" classname="org.apache.commons.lang3.ArrayUtilsTest" time="0.001"/>
  <testcase name="testNullToEmptyDouble" classname="org.apache.commons.lang3.ArrayUtilsTest" time="0"/>
  <testcase name="testSwapBooleanRange" classname="org.apache.commons.lang3.ArrayUtilsTest" time="0"/>
  <testcase name="testNullToEmptyObjectNull" classname="org.apache.commons.lang3.ArrayUtilsTest" time="0"/>
  <testcase name="testContainsDoubleTolerance" classname="org.apache.commons.lang3.ArrayUtilsTest" time="0"/>
  <testcase name="testToPrimitive_byte_byte" classname="org.apache.commons.lang3.ArrayUtilsTest" time="0"/>
  <testcase name="testToPrimitive_short_short" classname="org.apache.commons.lang3.ArrayUtilsTest" time="0"/>
  <testcase name="testShiftAllInt" classname="org.apache.commons.lang3.ArrayUtilsTest" time="0"/>
  <testcase name="testLastIndexOfShortWithStartIndex" classname="org.apache.commons.lang3.ArrayUtilsTest" time="0"/>
  <testcase name="testIndexOfDoubleWithStartIndex" classname="org.apache.commons.lang3.ArrayUtilsTest" time="0"/>
  <testcase name="testSameType" classname="org.apache.commons.lang3.ArrayUtilsTest" time="0"/>
  <testcase name="testShiftDouble" classname="org.apache.commons.lang3.ArrayUtilsTest" time="0"/>
  <testcase name="testArrayCreation" classname="org.apache.commons.lang3.ArrayUtilsTest" time="0"/>
  <testcase name="testIndexOfBoolean" classname="org.apache.commons.lang3.ArrayUtilsTest" time="0"/>
  <testcase name="testIsSortedDouble" classname="org.apache.commons.lang3.ArrayUtilsTest" time="0"/>
  <testcase name="testShiftRangeNoElemByte" classname="org.apache.commons.lang3.ArrayUtilsTest" time="0"/>
  <testcase name="testShiftRangeNoElemChar" classname="org.apache.commons.lang3.ArrayUtilsTest" time="0"/>
  <testcase name="testShiftRangeNoElemLong" classname="org.apache.commons.lang3.ArrayUtilsTest" time="0"/>
  <testcase name="testNullToEmptyObject" classname="org.apache.commons.lang3.ArrayUtilsTest" time="0"/>
  <testcase name="testToStringArray_array_string" classname="org.apache.commons.lang3.ArrayUtilsTest" time="0"/>
  <testcase name="testReverseInt" classname="org.apache.commons.lang3.ArrayUtilsTest" time="0"/>
  <testcase name="testLastIndexOfDouble" classname="org.apache.commons.lang3.ArrayUtilsTest" time="0"/>
  <testcase name="testSwapEmptyDoubleArray" classname="org.apache.commons.lang3.ArrayUtilsTest" time="0"/>
  <testcase name="testNullToEmptyByteObjectEmptyArray" classname="org.apache.commons.lang3.ArrayUtilsTest" time="0"/>
  <testcase name="testIsSortedComparator" classname="org.apache.commons.lang3.ArrayUtilsTest" time="0.001"/>
  <testcase name="testShiftRangeNullInt" classname="org.apache.commons.lang3.ArrayUtilsTest" time="0"/>
  <testcase name="testNullToEmptyString" classname="org.apache.commons.lang3.ArrayUtilsTest" time="0"/>
  <testcase name="testNullToEmptyShortObject" classname="org.apache.commons.lang3.ArrayUtilsTest" time="0"/>
  <testcase name="testShiftObject" classname="org.apache.commons.lang3.ArrayUtilsTest" time="0"/>
  <testcase name="testIsSortedBool" classname="org.apache.commons.lang3.ArrayUtilsTest" time="0"/>
  <testcase name="testIsSortedByte" classname="org.apache.commons.lang3.ArrayUtilsTest" time="0"/>
  <testcase name="testIsSortedChar" classname="org.apache.commons.lang3.ArrayUtilsTest" time="0"/>
  <testcase name="testIsSortedLong" classname="org.apache.commons.lang3.ArrayUtilsTest" time="0"/>
  <testcase name="testShiftAllByte" classname="org.apache.commons.lang3.ArrayUtilsTest" time="0"/>
  <testcase name="testShiftAllChar" classname="org.apache.commons.lang3.ArrayUtilsTest" time="0"/>
  <testcase name="testShiftAllLong" classname="org.apache.commons.lang3.ArrayUtilsTest" time="0"/>
  <testcase name="testIsEmptyPrimitives" classname="org.apache.commons.lang3.ArrayUtilsTest" time="0"/>
  <testcase name="testNullToEmptyLongObjectEmptyArray" classname="org.apache.commons.lang3.ArrayUtilsTest" time="0"/>
  <testcase name="testClone" classname="org.apache.commons.lang3.ArrayUtilsTest" time="0"/>
  <testcase name="testSameLengthInt" classname="org.apache.commons.lang3.ArrayUtilsTest" time="0.001"/>
  <testcase name="testToMap" classname="org.apache.commons.lang3.ArrayUtilsTest" time="0.001"/>
  <testcase name="testShiftAllFloat" classname="org.apache.commons.lang3.ArrayUtilsTest" time="0"/>
  <testcase name="testShiftRangeNullDouble" classname="org.apache.commons.lang3.ArrayUtilsTest" time="0"/>
  <testcase name="testShiftAllShort" classname="org.apache.commons.lang3.ArrayUtilsTest" time="0"/>
  <testcase name="testSwapEmptyCharArray" classname="org.apache.commons.lang3.ArrayUtilsTest" time="0"/>
  <testcase name="testLastIndexOf" classname="org.apache.commons.lang3.ArrayUtilsTest" time="0"/>
  <testcase name="testReverseDouble" classname="org.apache.commons.lang3.ArrayUtilsTest" time="0"/>
  <testcase name="testContainsByte" classname="org.apache.commons.lang3.ArrayUtilsTest" time="0"/>
  <testcase name="testContainsChar" classname="org.apache.commons.lang3.ArrayUtilsTest" time="0"/>
  <testcase name="testContainsLong" classname="org.apache.commons.lang3.ArrayUtilsTest" time="0"/>
  <testcase name="testIndexOfLongWithStartIndex" classname="org.apache.commons.lang3.ArrayUtilsTest" time="0"/>
  <testcase name="testReverseIntRange" classname="org.apache.commons.lang3.ArrayUtilsTest" time="0"/>
  <testcase name="testShiftRangeNoElemDouble" classname="org.apache.commons.lang3.ArrayUtilsTest" time="0"/>
  <testcase name="testSwapEmptyObjectArray" classname="org.apache.commons.lang3.ArrayUtilsTest" time="0"/>
  <testcase name="testNullToEmptyGenericNull" classname="org.apache.commons.lang3.ArrayUtilsTest" time="0"/>
  <testcase name="testToPrimitive_boolean" classname="org.apache.commons.lang3.ArrayUtilsTest" time="0"/>
  <testcase name="testLastIndexOfByte" classname="org.apache.commons.lang3.ArrayUtilsTest" time="0.001"/>
  <testcase name="testLastIndexOfChar" classname="org.apache.commons.lang3.ArrayUtilsTest" time="0"/>
  <testcase name="testLastIndexOfLong" classname="org.apache.commons.lang3.ArrayUtilsTest" time="0"/>
  <testcase name="testToString" classname="org.apache.commons.lang3.ArrayUtilsTest" time="0"/>
  <testcase name="testCloneDouble" classname="org.apache.commons.lang3.ArrayUtilsTest" time="0"/>
  <testcase name="testIndexOfDoubleTolerance" classname="org.apache.commons.lang3.ArrayUtilsTest" time="0"/>
  <testcase name="testNullToEmptyDoubleObjectNull" classname="org.apache.commons.lang3.ArrayUtilsTest" time="0"/>
  <testcase name="testShiftRangeNullObject" classname="org.apache.commons.lang3.ArrayUtilsTest" time="0"/>
  <testcase name="testIndexOfByteWithStartIndex" classname="org.apache.commons.lang3.ArrayUtilsTest" time="0"/>
  <testcase name="testNullToEmptyFloatNull" classname="org.apache.commons.lang3.ArrayUtilsTest" time="0"/>
  <testcase name="testToPrimitive_double" classname="org.apache.commons.lang3.ArrayUtilsTest" time="0"/>
  <testcase name="testSubarrayFloat" classname="org.apache.commons.lang3.ArrayUtilsTest" time="0"/>
  <testcase name="testShiftRangeNoElemObject" classname="org.apache.commons.lang3.ArrayUtilsTest" time="0"/>
  <testcase name="testSubarrayShort" classname="org.apache.commons.lang3.ArrayUtilsTest" time="0"/>
  <testcase name="testNullToEmptyShortNull" classname="org.apache.commons.lang3.ArrayUtilsTest" time="0"/>
  <testcase name="testLastIndexOfBoolean" classname="org.apache.commons.lang3.ArrayUtilsTest" time="0"/>
  <testcase name="testSubarrayInt" classname="org.apache.commons.lang3.ArrayUtilsTest" time="0.001"/>
  <testcase name="testLastIndexOfIntWithStartIndex" classname="org.apache.commons.lang3.ArrayUtilsTest" time="0"/>
  <testcase name="testArrayCreationWithDifferentTypes" classname="org.apache.commons.lang3.ArrayUtilsTest" time="0"/>
  <testcase name="testNullToEmptyClassEmptyArray" classname="org.apache.commons.lang3.ArrayUtilsTest" time="0"/>
  <testcase name="testIndexOfDoubleWithStartIndexTolerance" classname="org.apache.commons.lang3.ArrayUtilsTest" time="0"/>
  <testcase name="testSwapFloat" classname="org.apache.commons.lang3.ArrayUtilsTest" time="0"/>
  <testcase name="testShiftRangeDouble" classname="org.apache.commons.lang3.ArrayUtilsTest" time="0"/>
  <testcase name="testSwapShort" classname="org.apache.commons.lang3.ArrayUtilsTest" time="0"/>
  <testcase name="testArrayCreationWithGeneralReturnType" classname="org.apache.commons.lang3.ArrayUtilsTest" time="0"/>
  <testcase name="testShiftNullLong" classname="org.apache.commons.lang3.ArrayUtilsTest" time="0"/>
  <testcase name="testNullToEmptyLongObjectNull" classname="org.apache.commons.lang3.ArrayUtilsTest" time="0"/>
  <testcase name="testNullToEmptyIntEmptyArray" classname="org.apache.commons.lang3.ArrayUtilsTest" time="0"/>
  <testcase name="testSwapNullShortArray" classname="org.apache.commons.lang3.ArrayUtilsTest" time="0"/>
  <testcase name="testSwapEmptyByteArray" classname="org.apache.commons.lang3.ArrayUtilsTest" time="0"/>
  <testcase name="testNullToEmptyByteEmptyArray" classname="org.apache.commons.lang3.ArrayUtilsTest" time="0"/>
  <testcase name="testContainsInt" classname="org.apache.commons.lang3.ArrayUtilsTest" time="0.001"/>
  <testcase name="testLastIndexOfDoubleWithStartIndexTolerance" classname="org.apache.commons.lang3.ArrayUtilsTest" time="0"/>
  <testcase name="testToObject_double" classname="org.apache.commons.lang3.ArrayUtilsTest" time="0"/>
  <testcase name="testSwapShortRange" classname="org.apache.commons.lang3.ArrayUtilsTest" time="0"/>
  <testcase name="testNullToEmptyCharEmptyArray" classname="org.apache.commons.lang3.ArrayUtilsTest" time="0"/>
  <testcase name="testLastIndexOfInt" classname="org.apache.commons.lang3.ArrayUtilsTest" time="0"/>
  <testcase name="testShiftRangeObject" classname="org.apache.commons.lang3.ArrayUtilsTest" time="0.001"/>
  <testcase name="testNUllToEmptyCharObjectNull" classname="org.apache.commons.lang3.ArrayUtilsTest" time="0"/>
  <testcase name="testShiftBoolean" classname="org.apache.commons.lang3.ArrayUtilsTest" time="0"/>
  <testcase name="testSubarrayByte" classname="org.apache.commons.lang3.ArrayUtilsTest" time="0"/>
  <testcase name="testSubarrayLong" classname="org.apache.commons.lang3.ArrayUtilsTest" time="0"/>
  <testcase name="testSwapNullIntArray" classname="org.apache.commons.lang3.ArrayUtilsTest" time="0"/>
  <testcase name="testSubarrChar" classname="org.apache.commons.lang3.ArrayUtilsTest" time="0.001"/>
  <testcase name="testIsNotEmptyPrimitives" classname="org.apache.commons.lang3.ArrayUtilsTest" time="0"/>
  <testcase name="testShiftNullFloat" classname="org.apache.commons.lang3.ArrayUtilsTest" time="0"/>
  <testcase name="testToObject_byte" classname="org.apache.commons.lang3.ArrayUtilsTest" time="0"/>
  <testcase name="testToObject_char" classname="org.apache.commons.lang3.ArrayUtilsTest" time="0"/>
  <testcase name="testToObject_long" classname="org.apache.commons.lang3.ArrayUtilsTest" time="0"/>
  <testcase name="testShuffleByte" classname="org.apache.commons.lang3.ArrayUtilsTest" time="0"/>
  <testcase name="testShuffleChar" classname="org.apache.commons.lang3.ArrayUtilsTest" time="0"/>
  <testcase name="testShuffleLong" classname="org.apache.commons.lang3.ArrayUtilsTest" time="0"/>
  <testcase name="testShiftNullShort" classname="org.apache.commons.lang3.ArrayUtilsTest" time="0"/>
  <testcase name="testSwapLongRange" classname="org.apache.commons.lang3.ArrayUtilsTest" time="0"/>
  <testcase name="testNullToEmptyClass" classname="org.apache.commons.lang3.ArrayUtilsTest" time="0.001"/>
  <testcase name="testNullToEmptyFloat" classname="org.apache.commons.lang3.ArrayUtilsTest" time="0"/>
  <testcase name="testToPrimitive_float_float" classname="org.apache.commons.lang3.ArrayUtilsTest" time="0"/>
  <testcase name="testNullToEmptyShort" classname="org.apache.commons.lang3.ArrayUtilsTest" time="0"/>
  <testcase name="testNullToEmptyObjectEmptyArray" classname="org.apache.commons.lang3.ArrayUtilsTest" time="0"/>
  <testcase name="testNullToEmptyStringNull" classname="org.apache.commons.lang3.ArrayUtilsTest" time="0"/>
  <testcase name="testLastIndexOfLongWithStartIndex" classname="org.apache.commons.lang3.ArrayUtilsTest" time="0"/>
  <testcase name="testSwapNullLongArray" classname="org.apache.commons.lang3.ArrayUtilsTest" time="0"/>
  <testcase name="testContainsFloat" classname="org.apache.commons.lang3.ArrayUtilsTest" time="0"/>
  <testcase name="testShiftRangeNullByte" classname="org.apache.commons.lang3.ArrayUtilsTest" time="0"/>
  <testcase name="testShiftRangeNullChar" classname="org.apache.commons.lang3.ArrayUtilsTest" time="0"/>
  <testcase name="testShiftRangeNullLong" classname="org.apache.commons.lang3.ArrayUtilsTest" time="0"/>
  <testcase name="testContainsShort" classname="org.apache.commons.lang3.ArrayUtilsTest" time="0"/>
  <testcase name="testNullToEmptyFloatEmptyArray" classname="org.apache.commons.lang3.ArrayUtilsTest" time="0"/>
  <testcase name="testCreatePrimitiveArray" classname="org.apache.commons.lang3.ArrayUtilsTest" time="0"/>
  <testcase name="testIsNotEmptyObject" classname="org.apache.commons.lang3.ArrayUtilsTest" time="0.001"/>
  <testcase name="testToObject_int" classname="org.apache.commons.lang3.ArrayUtilsTest" time="0"/>
  <testcase name="testNullToEmptyIntNull" classname="org.apache.commons.lang3.ArrayUtilsTest" time="0"/>
  <testcase name="testContainsBoolean" classname="org.apache.commons.lang3.ArrayUtilsTest" time="0"/>
  <testcase name="testIndexOfInt" classname="org.apache.commons.lang3.ArrayUtilsTest" time="0"/>
  <testcase name="testIndexOfFloat" classname="org.apache.commons.lang3.ArrayUtilsTest" time="0"/>
  <testcase name="testIndexOfFloatWithStartIndex" classname="org.apache.commons.lang3.ArrayUtilsTest" time="0"/>
  <testcase name="testCloneByte" classname="org.apache.commons.lang3.ArrayUtilsTest" time="0"/>
  <testcase name="testCloneChar" classname="org.apache.commons.lang3.ArrayUtilsTest" time="0"/>
  <testcase name="testCloneLong" classname="org.apache.commons.lang3.ArrayUtilsTest" time="0"/>
  <testcase name="testIndexOfShort" classname="org.apache.commons.lang3.ArrayUtilsTest" time="0"/>
  <testcase name="testIsEquals" classname="org.apache.commons.lang3.ArrayUtilsTest" time="0"/>
  <testcase name="testEmptyArrayCreation" classname="org.apache.commons.lang3.ArrayUtilsTest" time="0"/>
  <testcase name="testIndexOfCharWithStartIndex" classname="org.apache.commons.lang3.ArrayUtilsTest" time="0.001"/>
  <testcase name="testLastIndexOfByteWithStartIndex" classname="org.apache.commons.lang3.ArrayUtilsTest" time="0"/>
  <testcase name="testNullToEmptyShortObjectNull" classname="org.apache.commons.lang3.ArrayUtilsTest" time="0"/>
  <testcase name="testContains" classname="org.apache.commons.lang3.ArrayUtilsTest" time="0"/>
  <testcase name="testSwapEmptyShortArray" classname="org.apache.commons.lang3.ArrayUtilsTest" time="0"/>
  <testcase name="testSwapEmptyIntArray" classname="org.apache.commons.lang3.ArrayUtilsTest" time="0"/>
  <testcase name="testToPrimitive_int" classname="org.apache.commons.lang3.ArrayUtilsTest" time="0.001"/>
  <testcase name="testShiftInt" classname="org.apache.commons.lang3.ArrayUtilsTest" time="0"/>
  <testcase name="testNullToEmptyFloatObject" classname="org.apache.commons.lang3.ArrayUtilsTest" time="0"/>
  <testcase name="testCloneBoolean" classname="org.apache.commons.lang3.ArrayUtilsTest" time="0"/>
  <testcase name="testReverseLongRange" classname="org.apache.commons.lang3.ArrayUtilsTest" time="0"/>
  <testcase name="testShiftRangeNoElemInt" classname="org.apache.commons.lang3.ArrayUtilsTest" time="0"/>
  <testcase name="testShiftRangeNoElemFloat" classname="org.apache.commons.lang3.ArrayUtilsTest" time="0"/>
  <testcase name="testShiftRangeNoElemShort" classname="org.apache.commons.lang3.ArrayUtilsTest" time="0"/>
  <testcase name="testShuffleInt" classname="org.apache.commons.lang3.ArrayUtilsTest" time="0"/>
  <testcase name="testSwapDoubleRange" classname="org.apache.commons.lang3.ArrayUtilsTest" time="0"/>
  <testcase name="testNullToEmptyBooleanNull" classname="org.apache.commons.lang3.ArrayUtilsTest" time="0"/>
  <testcase name="testIndirectArrayCreation" classname="org.apache.commons.lang3.ArrayUtilsTest" time="0"/>
  <testcase name="testSwapIntExchangedOffsets" classname="org.apache.commons.lang3.ArrayUtilsTest" time="0"/>
  <testcase name="testNullToEmptyBooleanEmptyArray" classname="org.apache.commons.lang3.ArrayUtilsTest" time="0.001"/>
  <testcase name="testNullToEmptyGenericNullType" classname="org.apache.commons.lang3.ArrayUtilsTest" time="0"/>
  <testcase name="testToObject_boolean" classname="org.apache.commons.lang3.ArrayUtilsTest" time="0"/>
  <testcase name="testSwapByte" classname="org.apache.commons.lang3.ArrayUtilsTest" time="0"/>
  <testcase name="testSwapChar" classname="org.apache.commons.lang3.ArrayUtilsTest" time="0"/>
  <testcase name="testSwapLong" classname="org.apache.commons.lang3.ArrayUtilsTest" time="0"/>
  <testcase name="testSameLengthDouble" classname="org.apache.commons.lang3.ArrayUtilsTest" time="0"/>
  <testcase name="testSwapNullDoubleArray" classname="org.apache.commons.lang3.ArrayUtilsTest" time="0"/>
  <testcase name="testToPrimitive_long_long" classname="org.apache.commons.lang3.ArrayUtilsTest" time="0"/>
  <testcase name="testIsSorted" classname="org.apache.commons.lang3.ArrayUtilsTest" time="0.001"/>
  <testcase name="testIsSortedInt" classname="org.apache.commons.lang3.ArrayUtilsTest" time="0"/>
  <testcase name="testIndexOfBooleanWithStartIndex" classname="org.apache.commons.lang3.ArrayUtilsTest" time="0"/>
  <testcase name="testIndexOfByte" classname="org.apache.commons.lang3.ArrayUtilsTest" time="0"/>
  <testcase name="testIndexOfChar" classname="org.apache.commons.lang3.ArrayUtilsTest" time="0"/>
  <testcase name="testIndexOfLong" classname="org.apache.commons.lang3.ArrayUtilsTest" time="0.001"/>
  <testcase name="testSwapObjectRange" classname="org.apache.commons.lang3.ArrayUtilsTest" time="0"/>
  <testcase name="testNullToEmptyLongObject" classname="org.apache.commons.lang3.ArrayUtilsTest" time="0"/>
  <testcase name="testReverseShortRange" classname="org.apache.commons.lang3.ArrayUtilsTest" time="0"/>
  <testcase name="testReverseDoubleRange" classname="org.apache.commons.lang3.ArrayUtilsTest" time="0"/>
  <testcase name="testReverse" classname="org.apache.commons.lang3.ArrayUtilsTest" time="0"/>
  <testcase name="testSwapNullObjectArray" classname="org.apache.commons.lang3.ArrayUtilsTest" time="0"/>
  <testcase name="testLastIndexOfDoubleTolerance" classname="org.apache.commons.lang3.ArrayUtilsTest" time="0.001"/>
  <testcase name="testShuffleBoolean" classname="org.apache.commons.lang3.ArrayUtilsTest" time="0"/>
  <testcase name="testToPrimitive_intNull" classname="org.apache.commons.lang3.ArrayUtilsTest" time="0"/>
  <testcase name="testToPrimitive_int_int" classname="org.apache.commons.lang3.ArrayUtilsTest" time="0"/>
  <testcase name="testSubarrayDouble" classname="org.apache.commons.lang3.ArrayUtilsTest" time="0"/>
  <testcase name="testReverseByte" classname="org.apache.commons.lang3.ArrayUtilsTest" time="0"/>
  <testcase name="testReverseChar" classname="org.apache.commons.lang3.ArrayUtilsTest" time="0"/>
  <testcase name="testReverseLong" classname="org.apache.commons.lang3.ArrayUtilsTest" time="0"/>
  <testcase name="testHashCode" classname="org.apache.commons.lang3.ArrayUtilsTest" time="0.002"/>
  <testcase name="testReverseFloat" classname="org.apache.commons.lang3.ArrayUtilsTest" time="0"/>
  <testcase name="testLastIndexOfWithStartIndex" classname="org.apache.commons.lang3.ArrayUtilsTest" time="0"/>
  <testcase name="testReverseShort" classname="org.apache.commons.lang3.ArrayUtilsTest" time="0"/>
  <testcase name="testIndexOfDouble" classname="org.apache.commons.lang3.ArrayUtilsTest" time="0"/>
  <testcase name="testReverseObjectRange" classname="org.apache.commons.lang3.ArrayUtilsTest" time="0"/>
  <testcase name="testLastIndexOfBooleanWithStartIndex" classname="org.apache.commons.lang3.ArrayUtilsTest" time="0"/>
  <testcase name="testNullToEmptyCharNull" classname="org.apache.commons.lang3.ArrayUtilsTest" time="0"/>
  <testcase name="testShiftNullDouble" classname="org.apache.commons.lang3.ArrayUtilsTest" time="0"/>
  <testcase name="testLastIndexOfFloatWithStartIndex" classname="org.apache.commons.lang3.ArrayUtilsTest" time="0"/>
  <testcase name="testNullToEmptyGenericEmpty" classname="org.apache.commons.lang3.ArrayUtilsTest" time="0"/>
  <testcase name="testToStringArray_array" classname="org.apache.commons.lang3.ArrayUtilsTest" time="0.001"/>
  <testcase name="testSwapEmptyBooleanArray" classname="org.apache.commons.lang3.ArrayUtilsTest" time="0"/>
  <testcase name="testNullToEmptyFloatObjectEmptyArray" classname="org.apache.commons.lang3.ArrayUtilsTest" time="0"/>
  <testcase name="testSameLengthFloat" classname="org.apache.commons.lang3.ArrayUtilsTest" time="0"/>
  <testcase name="testSubarrayObject" classname="org.apache.commons.lang3.ArrayUtilsTest" time="0.001"/>
  <testcase name="testSameLengthShort" classname="org.apache.commons.lang3.ArrayUtilsTest" time="0"/>
  <testcase name="testLastIndexOfCharWithStartIndex" classname="org.apache.commons.lang3.ArrayUtilsTest" time="0"/>
  <testcase name="testNullToEmptyIntObject" classname="org.apache.commons.lang3.ArrayUtilsTest" time="0"/>
  <testcase name="testShiftFloat" classname="org.apache.commons.lang3.ArrayUtilsTest" time="0"/>
  <testcase name="testShiftShort" classname="org.apache.commons.lang3.ArrayUtilsTest" time="0"/>
  <testcase name="testSwapCharRange" classname="org.apache.commons.lang3.ArrayUtilsTest" time="0"/>
  <testcase name="testNullToEmptyIntObjectEmptyArray" classname="org.apache.commons.lang3.ArrayUtilsTest" time="0"/>
  <testcase name="testReverseBooleanRange" classname="org.apache.commons.lang3.ArrayUtilsTest" time="0"/>
  <testcase name="testToObject_float" classname="org.apache.commons.lang3.ArrayUtilsTest" time="0"/>
  <testcase name="testSwapNullFloatArray" classname="org.apache.commons.lang3.ArrayUtilsTest" time="0"/>
  <testcase name="testNullToEmptyDoubleEmptyArray" classname="org.apache.commons.lang3.ArrayUtilsTest" time="0"/>
  <testcase name="testToObject_short" classname="org.apache.commons.lang3.ArrayUtilsTest" time="0"/>
  <testcase name="testGetLength" classname="org.apache.commons.lang3.ArrayUtilsTest" time="0"/>
  <testcase name="testLastIndexOfDoubleWithStartIndex" classname="org.apache.commons.lang3.ArrayUtilsTest" time="0"/>
  <testcase name="testSameLengthByte" classname="org.apache.commons.lang3.ArrayUtilsTest" time="0"/>
  <testcase name="testSameLengthChar" classname="org.apache.commons.lang3.ArrayUtilsTest" time="0"/>
  <testcase name="testSameLengthLong" classname="org.apache.commons.lang3.ArrayUtilsTest" time="0"/>
  <testcase name="testNullToEmptyClassNull" classname="org.apache.commons.lang3.ArrayUtilsTest" time="0"/>
  <testcase name="testShuffleFloat" classname="org.apache.commons.lang3.ArrayUtilsTest" time="0"/>
  <testcase name="testShuffleShort" classname="org.apache.commons.lang3.ArrayUtilsTest" time="0"/>
  <testcase name="testSwapNullCharArray" classname="org.apache.commons.lang3.ArrayUtilsTest" time="0"/>
  <testcase name="testLastIndexOfFloat" classname="org.apache.commons.lang3.ArrayUtilsTest" time="0.001"/>
  <testcase name="testLastIndexOfShort" classname="org.apache.commons.lang3.ArrayUtilsTest" time="0"/>
  <testcase name="testCloneFloat" classname="org.apache.commons.lang3.ArrayUtilsTest" time="0"/>
  <testcase name="testSwapBoolean" classname="org.apache.commons.lang3.ArrayUtilsTest" time="0"/>
  <testcase name="testCloneShort" classname="org.apache.commons.lang3.ArrayUtilsTest" time="0"/>
  <testcase name="testSwapFloatRange" classname="org.apache.commons.lang3.ArrayUtilsTest" time="0"/>
  <testcase name="testShiftNullObject" classname="org.apache.commons.lang3.ArrayUtilsTest" time="0"/>
  <testcase name="testNullToEmptyShortObjectEmptyArray" classname="org.apache.commons.lang3.ArrayUtilsTest" time="0"/>
  <testcase name="testToPrimitive_byte" classname="org.apache.commons.lang3.ArrayUtilsTest" time="0"/>
  <testcase name="testToPrimitive_char" classname="org.apache.commons.lang3.ArrayUtilsTest" time="0"/>
  <testcase name="testToPrimitive_long" classname="org.apache.commons.lang3.ArrayUtilsTest" time="0.001"/>
  <testcase name="testShuffleDouble" classname="org.apache.commons.lang3.ArrayUtilsTest" time="0"/>
  <testcase name="testIsEmptyObject" classname="org.apache.commons.lang3.ArrayUtilsTest" time="0"/>
  <testcase name="testNullToEmptyStringEmptyArray" classname="org.apache.commons.lang3.ArrayUtilsTest" time="0"/>
  <testcase name="testIndexOf" classname="org.apache.commons.lang3.ArrayUtilsTest" time="0"/>
  <testcase name="testIndexOfShortWithStartIndex" classname="org.apache.commons.lang3.ArrayUtilsTest" time="0"/>
  <testcase name="testShiftByte" classname="org.apache.commons.lang3.ArrayUtilsTest" time="0"/>
  <testcase name="testShiftChar" classname="org.apache.commons.lang3.ArrayUtilsTest" time="0"/>
  <testcase name="testShiftLong" classname="org.apache.commons.lang3.ArrayUtilsTest" time="0"/>
  <testcase name="testShiftRangeInt" classname="org.apache.commons.lang3.ArrayUtilsTest" time="0"/>
  <testcase name="testSameLength" classname="org.apache.commons.lang3.ArrayUtilsTest" time="0"/>
  <testcase name="testNullToEmptyLongEmptyArray" classname="org.apache.commons.lang3.ArrayUtilsTest" time="0"/>
  <testcase name="testIndexOfIntWithStartIndex" classname="org.apache.commons.lang3.ArrayUtilsTest" time="0"/>
  <testcase name="testNullToEmptyIntObjectNull" classname="org.apache.commons.lang3.ArrayUtilsTest" time="0"/>
  <testcase name="testReverseCharRange" classname="org.apache.commons.lang3.ArrayUtilsTest" time="0"/>
  <testcase name="testShuffle" classname="org.apache.commons.lang3.ArrayUtilsTest" time="0"/>
  <testcase name="testNullToEmptyByteObjectNull" classname="org.apache.commons.lang3.ArrayUtilsTest" time="0"/>
  <testcase name="testSwapEmptyLongArray" classname="org.apache.commons.lang3.ArrayUtilsTest" time="0"/>
  <testcase name="testCloneInt" classname="org.apache.commons.lang3.ArrayUtilsTest" time="0"/>
  <testcase name="testIsArrayIndexValid" classname="org.apache.commons.lang3.ArrayUtilsTest" time="0"/>
  <testcase name="testNullToEmptyByteObject" classname="org.apache.commons.lang3.ArrayUtilsTest" time="0"/>
  <testcase name="testNullToEmptyCharObjectEmptyArray" classname="org.apache.commons.lang3.ArrayUtilsTest" time="0"/>
  <testcase name="testNullToEmptyLongNull" classname="org.apache.commons.lang3.ArrayUtilsTest" time="0"/>
  <testcase name="testSwapEmptyFloatArray" classname="org.apache.commons.lang3.ArrayUtilsTest" time="0"/>
  <testcase name="testSwapByteRange" classname="org.apache.commons.lang3.ArrayUtilsTest" time="0"/>
  <testcase name="testSameLengthBoolean" classname="org.apache.commons.lang3.ArrayUtilsTest" time="0.001"/>
  <testcase name="testToPrimitive_char_char" classname="org.apache.commons.lang3.ArrayUtilsTest" time="0"/>
  <testcase name="testIsSortedNullComparator" classname="org.apache.commons.lang3.ArrayUtilsTest" time="0"/>
  <testcase name="testShiftNullInt" classname="org.apache.commons.lang3.ArrayUtilsTest" time="0"/>
  <testcase name="testIndirectEmptyArrayCreation" classname="org.apache.commons.lang3.ArrayUtilsTest" time="0"/>
  <testcase name="testReverseBoolean" classname="org.apache.commons.lang3.ArrayUtilsTest" time="0.001"/>
  <testcase name="testToPrimitive_boolean_boolean" classname="org.apache.commons.lang3.ArrayUtilsTest" time="0"/>
  <testcase name="testNullToEmptyBooleanObject" classname="org.apache.commons.lang3.ArrayUtilsTest" time="0"/>
  <testcase name="testSwapNullByteArray" classname="org.apache.commons.lang3.ArrayUtilsTest" time="0"/>
  <testcase name="testSwapDouble" classname="org.apache.commons.lang3.ArrayUtilsTest" time="0"/>
  <testcase name="testConstructor" classname="org.apache.commons.lang3.ArrayUtilsTest" time="0"/>
  <testcase name="testNullToEmptyByteNull" classname="org.apache.commons.lang3.ArrayUtilsTest" time="0"/>
  <testcase name="testShiftRangeFloat" classname="org.apache.commons.lang3.ArrayUtilsTest" time="0"/>
  <testcase name="testSwapIntRange" classname="org.apache.commons.lang3.ArrayUtilsTest" time="0"/>
  <testcase name="testShiftRangeShort" classname="org.apache.commons.lang3.ArrayUtilsTest" time="0"/>
  <testcase name="testNullToEmptyDoubleObjectEmptyArray" classname="org.apache.commons.lang3.ArrayUtilsTest" time="0"/>
  <testcase name="testSwapInt" classname="org.apache.commons.lang3.ArrayUtilsTest" time="0"/>
  <testcase name="testNullToEmptyFloatObjectNull" classname="org.apache.commons.lang3.ArrayUtilsTest" time="0"/>
  <testcase name="testContains_LANG_1261" classname="org.apache.commons.lang3.ArrayUtilsTest" time="0.001"/>
  <testcase name="testIndexOfWithStartIndex" classname="org.apache.commons.lang3.ArrayUtilsTest" time="0"/>
  <testcase name="testContainsDouble" classname="org.apache.commons.lang3.ArrayUtilsTest" time="0"/>
</testsuite>