<?xml version="1.0" encoding="UTF-8"?>
<testsuite xmlns:xsi="http://www.w3.org/2001/XMLSchema-instance" xsi:noNamespaceSchemaLocation="https://maven.apache.org/surefire/maven-surefire-plugin/xsd/surefire-test-report-3.0.xsd" version="3.0" name="org.apache.commons.lang3.ClassPathUtilsTest" time="0.005" tests="13" errors="0" skipped="0" failures="0">
  <properties>
    <property name="sun.desktop" value="gnome"/>
    <property name="awt.toolkit" value="sun.awt.X11.XToolkit"/>
    <property name="file.encoding.pkg" value="sun.io"/>
    <property name="java.specification.version" value="1.8"/>
    <property name="sun.cpu.isalist" value=""/>
    <property name="sun.jnu.encoding" value="UTF-8"/>
    <property name="java.class.path" value="/home/daveroar/Graduation_Studies/ThesisWork/JRefactoring/hierarchy-analysis/Benchmarks/commons-lang3-3.9-src-patched/target/test-classes:/home/daveroar/Graduation_Studies/ThesisWork/JRefactoring/hierarchy-analysis/Benchmarks/commons-lang3-3.9-src-patched/target/classes:/home/daveroar/.m2/repository/org/junit/jupiter/junit-jupiter/5.4.0/junit-jupiter-5.4.0.jar:/home/daveroar/.m2/repository/org/junit/jupiter/junit-jupiter-api/5.4.0/junit-jupiter-api-5.4.0.jar:/home/daveroar/.m2/repository/org/apiguardian/apiguardian-api/1.0.0/apiguardian-api-1.0.0.jar:/home/daveroar/.m2/repository/org/opentest4j/opentest4j/1.1.1/opentest4j-1.1.1.jar:/home/daveroar/.m2/repository/org/junit/platform/junit-platform-commons/1.4.0/junit-platform-commons-1.4.0.jar:/home/daveroar/.m2/repository/org/junit/jupiter/junit-jupiter-params/5.4.0/junit-jupiter-params-5.4.0.jar:/home/daveroar/.m2/repository/org/junit/jupiter/junit-jupiter-engine/5.4.0/junit-jupiter-engine-5.4.0.jar:/home/daveroar/.m2/repository/org/junit/platform/junit-platform-engine/1.4.0/junit-platform-engine-1.4.0.jar:/home/daveroar/.m2/repository/org/junit-pioneer/junit-pioneer/0.3.0/junit-pioneer-0.3.0.jar:/home/daveroar/.m2/repository/org/hamcrest/hamcrest/2.1/hamcrest-2.1.jar:/home/daveroar/.m2/repository/org/easymock/easymock/4.0.2/easymock-4.0.2.jar:/home/daveroar/.m2/repository/org/objenesis/objenesis/3.0.1/objenesis-3.0.1.jar:/home/daveroar/.m2/repository/org/openjdk/jmh/jmh-core/1.21/jmh-core-1.21.jar:/home/daveroar/.m2/repository/net/sf/jopt-simple/jopt-simple/4.6/jopt-simple-4.6.jar:/home/daveroar/.m2/repository/org/apache/commons/commons-math3/3.2/commons-math3-3.2.jar:/home/daveroar/.m2/repository/org/openjdk/jmh/jmh-generator-annprocess/1.21/jmh-generator-annprocess-1.21.jar:"/>
    <property name="java.vm.vendor" value="Private Build"/>
    <property name="sun.arch.data.model" value="64"/>
    <property name="java.vendor.url" value="http://java.oracle.com/"/>
    <property name="user.timezone" value=""/>
    <property name="java.vm.specification.version" value="1.8"/>
    <property name="os.name" value="Linux"/>
    <property name="rat.skip" value="true"/>
    <property name="user.country" value="CA"/>
    <property name="sun.java.launcher" value="SUN_STANDARD"/>
    <property name="sun.boot.library.path" value="/usr/lib/jvm/java-8-openjdk-amd64/jre/lib/amd64"/>
    <property name="sun.java.command" value="/home/daveroar/Graduation_Studies/ThesisWork/JRefactoring/hierarchy-analysis/Benchmarks/commons-lang3-3.9-src-patched/target/surefire/surefirebooter958107601391315591.jar /home/daveroar/Graduation_Studies/ThesisWork/JRefactoring/hierarchy-analysis/Benchmarks/commons-lang3-3.9-src-patched/target/surefire 2021-03-20T20-47-37_266-jvmRun1 surefire9128809917857462933tmp surefire_05573669222157225848tmp"/>
    <property name="surefire.test.class.path" value="/home/daveroar/Graduation_Studies/ThesisWork/JRefactoring/hierarchy-analysis/Benchmarks/commons-lang3-3.9-src-patched/target/test-classes:/home/daveroar/Graduation_Studies/ThesisWork/JRefactoring/hierarchy-analysis/Benchmarks/commons-lang3-3.9-src-patched/target/classes:/home/daveroar/.m2/repository/org/junit/jupiter/junit-jupiter/5.4.0/junit-jupiter-5.4.0.jar:/home/daveroar/.m2/repository/org/junit/jupiter/junit-jupiter-api/5.4.0/junit-jupiter-api-5.4.0.jar:/home/daveroar/.m2/repository/org/apiguardian/apiguardian-api/1.0.0/apiguardian-api-1.0.0.jar:/home/daveroar/.m2/repository/org/opentest4j/opentest4j/1.1.1/opentest4j-1.1.1.jar:/home/daveroar/.m2/repository/org/junit/platform/junit-platform-commons/1.4.0/junit-platform-commons-1.4.0.jar:/home/daveroar/.m2/repository/org/junit/jupiter/junit-jupiter-params/5.4.0/junit-jupiter-params-5.4.0.jar:/home/daveroar/.m2/repository/org/junit/jupiter/junit-jupiter-engine/5.4.0/junit-jupiter-engine-5.4.0.jar:/home/daveroar/.m2/repository/org/junit/platform/junit-platform-engine/1.4.0/junit-platform-engine-1.4.0.jar:/home/daveroar/.m2/repository/org/junit-pioneer/junit-pioneer/0.3.0/junit-pioneer-0.3.0.jar:/home/daveroar/.m2/repository/org/hamcrest/hamcrest/2.1/hamcrest-2.1.jar:/home/daveroar/.m2/repository/org/easymock/easymock/4.0.2/easymock-4.0.2.jar:/home/daveroar/.m2/repository/org/objenesis/objenesis/3.0.1/objenesis-3.0.1.jar:/home/daveroar/.m2/repository/org/openjdk/jmh/jmh-core/1.21/jmh-core-1.21.jar:/home/daveroar/.m2/repository/net/sf/jopt-simple/jopt-simple/4.6/jopt-simple-4.6.jar:/home/daveroar/.m2/repository/org/apache/commons/commons-math3/3.2/commons-math3-3.2.jar:/home/daveroar/.m2/repository/org/openjdk/jmh/jmh-generator-annprocess/1.21/jmh-generator-annprocess-1.21.jar:"/>
    <property name="sun.cpu.endian" value="little"/>
    <property name="user.home" value="/home/daveroar"/>
    <property name="user.language" value="en"/>
    <property name="java.specification.vendor" value="Oracle Corporation"/>
    <property name="java.home" value="/usr/lib/jvm/java-8-openjdk-amd64/jre"/>
    <property name="basedir" value="/home/daveroar/Graduation_Studies/ThesisWork/JRefactoring/hierarchy-analysis/Benchmarks/commons-lang3-3.9-src-patched"/>
    <property name="file.separator" value="/"/>
    <property name="line.separator" value="&#10;"/>
    <property name="java.vm.specification.vendor" value="Oracle Corporation"/>
    <property name="java.specification.name" value="Java Platform API Specification"/>
    <property name="java.awt.graphicsenv" value="sun.awt.X11GraphicsEnvironment"/>
    <property name="surefire.real.class.path" value="/home/daveroar/Graduation_Studies/ThesisWork/JRefactoring/hierarchy-analysis/Benchmarks/commons-lang3-3.9-src-patched/target/surefire/surefirebooter958107601391315591.jar:/home/daveroar/.m2/repository/org/jacoco/org.jacoco.agent/0.8.5/org.jacoco.agent-0.8.5-runtime.jar"/>
    <property name="sun.boot.class.path" value="/usr/lib/jvm/java-8-openjdk-amd64/jre/lib/resources.jar:/usr/lib/jvm/java-8-openjdk-amd64/jre/lib/rt.jar:/usr/lib/jvm/java-8-openjdk-amd64/jre/lib/sunrsasign.jar:/usr/lib/jvm/java-8-openjdk-amd64/jre/lib/jsse.jar:/usr/lib/jvm/java-8-openjdk-amd64/jre/lib/jce.jar:/usr/lib/jvm/java-8-openjdk-amd64/jre/lib/charsets.jar:/usr/lib/jvm/java-8-openjdk-amd64/jre/lib/jfr.jar:/usr/lib/jvm/java-8-openjdk-amd64/jre/classes"/>
    <property name="sun.management.compiler" value="HotSpot 64-Bit Tiered Compilers"/>
    <property name="java.runtime.version" value="1.8.0_282-8u282-b08-0ubuntu1~18.04-b08"/>
    <property name="user.name" value="daveroar"/>
    <property name="path.separator" value=":"/>
    <property name="os.version" value="4.15.0-137-generic"/>
    <property name="java.endorsed.dirs" value="/usr/lib/jvm/java-8-openjdk-amd64/jre/lib/endorsed"/>
    <property name="java.runtime.name" value="OpenJDK Runtime Environment"/>
    <property name="file.encoding" value="UTF-8"/>
    <property name="java.vm.name" value="OpenJDK 64-Bit Server VM"/>
    <property name="localRepository" value="/home/daveroar/.m2/repository"/>
    <property name="java.vendor.url.bug" value="http://bugreport.sun.com/bugreport/"/>
    <property name="java.io.tmpdir" value="/tmp"/>
    <property name="java.version" value="1.8.0_282"/>
    <property name="user.dir" value="/home/daveroar/Graduation_Studies/ThesisWork/JRefactoring/hierarchy-analysis/Benchmarks/commons-lang3-3.9-src-patched"/>
    <property name="os.arch" value="amd64"/>
    <property name="java.vm.specification.name" value="Java Virtual Machine Specification"/>
    <property name="java.awt.printerjob" value="sun.print.PSPrinterJob"/>
    <property name="sun.os.patch.level" value="unknown"/>
    <property name="java.library.path" value="/usr/java/packages/lib/amd64:/usr/lib/x86_64-linux-gnu/jni:/lib/x86_64-linux-gnu:/usr/lib/x86_64-linux-gnu:/usr/lib/jni:/lib:/usr/lib"/>
    <property name="java.vm.info" value="mixed mode"/>
    <property name="java.vendor" value="Private Build"/>
    <property name="java.vm.version" value="25.282-b08"/>
    <property name="java.ext.dirs" value="/usr/lib/jvm/java-8-openjdk-amd64/jre/lib/ext:/usr/java/packages/lib/ext"/>
    <property name="sun.io.unicode.encoding" value="UnicodeLittle"/>
    <property name="java.class.version" value="52.0"/>
  </properties>
  <testcase name="testToFullyQualifiedNamePackageNull" classname="org.apache.commons.lang3.ClassPathUtilsTest" time="0.001"/>
  <testcase name="testToFullyQualifiedPathClassNull" classname="org.apache.commons.lang3.ClassPathUtilsTest" time="0.001"/>
  <testcase name="testToFullyQualifiedPathPackageNullString" classname="org.apache.commons.lang3.ClassPathUtilsTest" time="0"/>
  <testcase name="testToFullyQualifiedNameClassNull" classname="org.apache.commons.lang3.ClassPathUtilsTest" time="0.001"/>
  <testcase name="testToFullyQualifiedPathClass" classname="org.apache.commons.lang3.ClassPathUtilsTest" time="0"/>
  <testcase name="testToFullyQualifiedPathPackageNull" classname="org.apache.commons.lang3.ClassPathUtilsTest" time="0"/>
  <testcase name="testToFullyQualifiedPathPackage" classname="org.apache.commons.lang3.ClassPathUtilsTest" time="0"/>
  <testcase name="testToFullyQualifiedNamePackageString" classname="org.apache.commons.lang3.ClassPathUtilsTest" time="0"/>
  <testcase name="testToFullyQualifiedNameNullClassString" classname="org.apache.commons.lang3.ClassPathUtilsTest" time="0.001"/>
  <testcase name="testToFullyQualifiedNameNullPackageString" classname="org.apache.commons.lang3.ClassPathUtilsTest" time="0"/>
  <testcase name="testToFullyQualifiedNameClassString" classname="org.apache.commons.lang3.ClassPathUtilsTest" time="0"/>
  <testcase name="testToFullyQualifiedPathClassNullString" classname="org.apache.commons.lang3.ClassPathUtilsTest" time="0"/>
  <testcase name="testConstructor" classname="org.apache.commons.lang3.ClassPathUtilsTest" time="0"/>
</testsuite>